2025-04-02 08:28:35,856 [INFO] Activator:176 - 


2025-04-02 08:28:35,859 [INFO] Activator:177 - !SESSION log4j initialized
2025-04-02 08:28:40,421 [INFO] LogOutputStream:77 - [STDOUT_REDIRECT] 
2025-04-02 08:28:43,903 [INFO] ApplicationProperties:184 - Using Application install path: C:\ST\STM32CubeIDE_1.16.1\STM32CubeIDE\plugins\com.st.stm32cube.common.mx_6.12.1.202409122256
2025-04-02 08:28:43,919 [INFO] DbMcusXml:78 - Set database path to: C:\ST\STM32CubeIDE_1.16.1\STM32CubeIDE\plugins\com.st.stm32cube.common.mx_6.12.1.202409122256\\db\/mcu/
2025-04-02 08:28:43,919 [INFO] ApiDb:274 - Set plugin database path to: C:\ST\STM32CubeIDE_1.16.1\STM32CubeIDE\plugins\com.st.stm32cube.common.mx_6.12.1.202409122256\\db\/plugins/boardmanager/
2025-04-02 08:28:43,919 [WARN] ApiDb:259 - Overriding images path with different value:  => C:\ST\STM32CubeIDE_1.16.1\STM32CubeIDE\plugins\com.st.stm32cube.common.mx_6.12.1.202409122256\\db\/plugins/mcufinder/images/
2025-04-02 08:28:43,927 [INFO] ApiDb:250 - Set database path to: C:\Users\LeeJooHo\.stmcufinder\plugins\mcufinder//mcu/
2025-04-02 08:28:43,928 [INFO] DbMcusAds:125 - Set database path to: C:\Users\LeeJooHo\.stmcufinder\plugins\mcufinder//mcu/
2025-04-02 08:28:43,931 [INFO] CrossReferenceDbSqlite:203 - Set database path to: C:\Users\LeeJooHo\.stmcufinder\plugins\mcufinder//mcu/cs/
2025-04-02 08:28:44,047 [INFO] RulesReader:64 - Compatibility file has been processed (297 Rules)
2025-04-02 08:28:44,142 [INFO] DbMcusXml:78 - Set database path to: C:\ST\STM32CubeIDE_1.16.1\STM32CubeIDE\plugins\com.st.stm32cube.common.mx_6.12.1.202409122256\\db\/mcu/
2025-04-02 08:28:44,142 [INFO] ApiDb:274 - Set plugin database path to: C:\ST\STM32CubeIDE_1.16.1\STM32CubeIDE\plugins\com.st.stm32cube.common.mx_6.12.1.202409122256\\db\/plugins/boardmanager/
2025-04-02 08:28:44,142 [INFO] ApiDb:261 - Set plugin images path to: C:\ST\STM32CubeIDE_1.16.1\STM32CubeIDE\plugins\com.st.stm32cube.common.mx_6.12.1.202409122256\\db\/plugins/mcufinder/images/
2025-04-02 08:28:44,142 [WARN] DbFile:41 - Overriding database path with different value: C:\Users\LeeJooHo\.stmcufinder\plugins\mcufinder/ => C:\Users\LeeJooHo\.stmcufinder\plugins\mcufinder
2025-04-02 08:28:44,142 [INFO] ApiDb:250 - Set database path to: C:\Users\LeeJooHo\.stmcufinder\plugins\mcufinder//mcu/
2025-04-02 08:28:44,144 [WARN] DbFile:41 - Overriding database path with different value: C:\Users\LeeJooHo\.stmcufinder\plugins\mcufinder/ => C:\Users\LeeJooHo\.stmcufinder\plugins\mcufinder
2025-04-02 08:28:44,144 [INFO] DbMcusAds:125 - Set database path to: C:\Users\LeeJooHo\.stmcufinder\plugins\mcufinder//mcu/
2025-04-02 08:28:44,144 [WARN] DbFile:41 - Overriding database path with different value: C:\Users\LeeJooHo\.stmcufinder\plugins\mcufinder/ => C:\Users\LeeJooHo\.stmcufinder\plugins\mcufinder
2025-04-02 08:28:44,144 [WARN] DbFile:41 - Overriding database path with different value: C:\Users\LeeJooHo\.stmcufinder\plugins\mcufinder/ => C:\Users\LeeJooHo\.stmcufinder\plugins\mcufinder
2025-04-02 08:28:44,144 [INFO] CrossReferenceDbSqlite:203 - Set database path to: C:\Users\LeeJooHo\.stmcufinder\plugins\mcufinder//mcu/cs/
2025-04-02 08:28:44,218 [INFO] MainPanel:268 - HeapMemory: 268435456
2025-04-02 08:28:44,318 [INFO] DbMcusXml:78 - Set database path to: C:\ST\STM32CubeIDE_1.16.1\STM32CubeIDE\plugins\com.st.stm32cube.common.mx_6.12.1.202409122256\\db\/mcu/
2025-04-02 08:28:44,318 [INFO] ApiDb:274 - Set plugin database path to: C:\ST\STM32CubeIDE_1.16.1\STM32CubeIDE\plugins\com.st.stm32cube.common.mx_6.12.1.202409122256\\db\/plugins/boardmanager/
2025-04-02 08:28:44,318 [INFO] ApiDb:261 - Set plugin images path to: C:\ST\STM32CubeIDE_1.16.1\STM32CubeIDE\plugins\com.st.stm32cube.common.mx_6.12.1.202409122256\\db\/plugins/mcufinder/images/
2025-04-02 08:28:44,318 [WARN] DbFile:41 - Overriding database path with different value: C:\Users\LeeJooHo\.stmcufinder\plugins\mcufinder/ => C:\Users\LeeJooHo\.stmcufinder\plugins\mcufinder
2025-04-02 08:28:44,318 [INFO] ApiDb:250 - Set database path to: C:\Users\LeeJooHo\.stmcufinder\plugins\mcufinder//mcu/
2025-04-02 08:28:44,318 [WARN] DbFile:41 - Overriding database path with different value: C:\Users\LeeJooHo\.stmcufinder\plugins\mcufinder/ => C:\Users\LeeJooHo\.stmcufinder\plugins\mcufinder
2025-04-02 08:28:44,320 [INFO] DbMcusAds:125 - Set database path to: C:\Users\LeeJooHo\.stmcufinder\plugins\mcufinder//mcu/
2025-04-02 08:28:44,320 [WARN] DbFile:41 - Overriding database path with different value: C:\Users\LeeJooHo\.stmcufinder\plugins\mcufinder/ => C:\Users\LeeJooHo\.stmcufinder\plugins\mcufinder
2025-04-02 08:28:44,320 [WARN] DbFile:41 - Overriding database path with different value: C:\Users\LeeJooHo\.stmcufinder\plugins\mcufinder/ => C:\Users\LeeJooHo\.stmcufinder\plugins\mcufinder
2025-04-02 08:28:44,320 [INFO] CrossReferenceDbSqlite:203 - Set database path to: C:\Users\LeeJooHo\.stmcufinder\plugins\mcufinder//mcu/cs/
2025-04-02 08:28:44,336 [INFO] ApplicationProperties:184 - Using Application install path: C:\ST\STM32CubeIDE_1.16.1\STM32CubeIDE\plugins\com.st.stm32cube.common.mx_6.12.1.202409122256
2025-04-02 08:28:44,337 [INFO] PluginManage:196 - Search for loadable plugins [exclusion list=, ]
2025-04-02 08:28:44,338 [INFO] PluginManage:310 - Check plugin analytics
2025-04-02 08:28:44,480 [INFO] AnalyticsPlugin:253 - Accepted Software Licenses: 
2025-04-02 08:28:44,480 [INFO] AnalyticsPlugin:255 - Accepted CMSIS Pack Licenses: STMicroelectronics.X-CUBE-TOUCHGFX.4.25.0
2025-04-02 08:28:44,480 [INFO] AnalyticsPlugin:257 - Accepted Firmware Licenses: FW.F4.1.28.0
2025-04-02 08:28:44,482 [INFO] PluginManage:359 - Loaded plugin analytics (category:tool,tabindex:-1)
2025-04-02 08:28:44,482 [INFO] PluginManage:310 - Check plugin cadmodel
2025-04-02 08:28:44,498 [INFO] CADModel:105 - Init CAD model plugin
2025-04-02 08:28:44,498 [INFO] PluginManage:359 - Loaded plugin cadmodel (category:power,tabindex:5)
2025-04-02 08:28:44,498 [INFO] PluginManage:310 - Check plugin clock
2025-04-02 08:28:44,516 [INFO] PluginManage:359 - Loaded plugin clock (category:base,tabindex:2)
2025-04-02 08:28:44,517 [INFO] PluginManage:310 - Check plugin ddr
2025-04-02 08:28:44,519 [INFO] PluginManage:359 - Loaded plugin ddr (category:tool,tabindex:6)
2025-04-02 08:28:44,519 [INFO] PluginManage:310 - Check plugin filemanager
2025-04-02 08:28:44,644 [INFO] PluginManage:359 - Loaded plugin filemanager (category:base,tabindex:10)
2025-04-02 08:28:44,644 [INFO] PluginManage:310 - Check plugin ipmanager
2025-04-02 08:28:44,650 [INFO] PluginManage:359 - Loaded plugin ipmanager (category:base,tabindex:5)
2025-04-02 08:28:44,650 [INFO] PluginManage:310 - Check plugin lpbam
2025-04-02 08:28:44,668 [INFO] PluginManage:359 - Loaded plugin lpbam (category:base,tabindex:0)
2025-04-02 08:28:44,668 [INFO] PluginManage:310 - Check plugin memorymap
2025-04-02 08:28:44,690 [INFO] PluginManage:359 - Loaded plugin memorymap (category:base,tabindex:4)
2025-04-02 08:28:44,690 [INFO] PluginManage:310 - Check plugin pinoutandconfiguration
2025-04-02 08:28:44,707 [INFO] PluginManage:359 - Loaded plugin pinoutandconfiguration (category:base,tabindex:1)
2025-04-02 08:28:44,708 [INFO] PluginManage:310 - Check plugin pinoutconfig
2025-04-02 08:28:44,783 [WARN] SupportedApi:132 - Cannot load RTOS API schema: s4s-elt-must-match.1: The content of 'definitions' must match (annotation?, (simpleType | complexType)?, (unique | key | keyref)*)). A problem was found starting at: attribute.
2025-04-02 08:28:44,883 [INFO] PluginManage:359 - Loaded plugin pinoutconfig (category:base,tabindex:0)
2025-04-02 08:28:44,883 [INFO] PluginManage:310 - Check plugin power
2025-04-02 08:28:44,901 [INFO] PluginManage:359 - Loaded plugin power (category:power,tabindex:4)
2025-04-02 08:28:44,901 [INFO] PluginManage:310 - Check plugin projectmanager
2025-04-02 08:28:44,911 [INFO] PluginManage:359 - Loaded plugin projectmanager (category:projectmanager,tabindex:4)
2025-04-02 08:28:44,911 [INFO] PluginManage:310 - Check plugin rif
2025-04-02 08:28:44,925 [INFO] PluginManage:359 - Loaded plugin rif (category:base,tabindex:3)
2025-04-02 08:28:44,925 [INFO] PluginManage:310 - Check plugin thirdparty
2025-04-02 08:28:45,152 [INFO] PluginManage:359 - Loaded plugin thirdparty (category:base,tabindex:-1)
2025-04-02 08:28:45,152 [WARN] IntegrityCheckThread:84 - waiting for thirdparty lock release [integrity check]
2025-04-02 08:28:45,153 [INFO] PluginManage:310 - Check plugin tools
2025-04-02 08:28:45,153 [INFO] IntegrityCheckThread:86 - entering critical section [integrity check]
2025-04-02 08:28:45,153 [INFO] ThirdPartyUpdaterWithRetryManager:70 - Updater plugin not ready yet. [1/15]
2025-04-02 08:28:45,191 [INFO] PluginManage:359 - Loaded plugin tools (category:base,tabindex:7)
2025-04-02 08:28:45,191 [INFO] PluginManage:310 - Check plugin tutovideos
2025-04-02 08:28:45,371 [INFO] PluginManage:359 - Loaded plugin tutovideos (category:base,tabindex:-1)
2025-04-02 08:28:45,371 [INFO] PluginManage:310 - Check plugin updater
2025-04-02 08:28:45,387 [INFO] PluginManage:359 - Loaded plugin updater (category:base,tabindex:12)
2025-04-02 08:28:45,387 [INFO] PluginManage:310 - Check plugin userauth
2025-04-02 08:28:45,392 [INFO] UserAuth:113 - Init User Auth plugin
2025-04-02 08:28:45,392 [INFO] PluginManage:359 - Loaded plugin userauth (category:base,tabindex:14)
2025-04-02 08:28:45,392 [INFO] PluginManage:283 - PluginManage : Loaded plugins [18]
2025-04-02 08:28:45,557 [INFO] PinOutPanel:1561 - setPackage(No Configuration,No Configuration)
2025-04-02 08:28:45,624 [INFO] CADModel:165 - CPN selected for project level
2025-04-02 08:28:45,624 [INFO] CADModel:114 - Register for checkConnection events
2025-04-02 08:28:45,646 [INFO] IPUIPlugin:80 - create IPUIPlugin
2025-04-02 08:28:45,646 [INFO] PluginManager:220 - loadIPPluginJar : add adc
2025-04-02 08:28:45,683 [INFO] IPUIPlugin:80 - create IPUIPlugin
2025-04-02 08:28:45,683 [INFO] PluginManager:220 - loadIPPluginJar : add aes
2025-04-02 08:28:45,723 [INFO] IPUIPlugin:80 - create IPUIPlugin
2025-04-02 08:28:45,723 [INFO] PluginManager:220 - loadIPPluginJar : add can
2025-04-02 08:28:45,745 [INFO] IPUIPlugin:80 - create IPUIPlugin
2025-04-02 08:28:45,746 [INFO] PluginManager:220 - loadIPPluginJar : add comp
2025-04-02 08:28:45,777 [INFO] IPUIPlugin:80 - create IPUIPlugin
2025-04-02 08:28:45,777 [INFO] PluginManager:220 - loadIPPluginJar : add cryp
2025-04-02 08:28:45,787 [INFO] IPUIPlugin:80 - create IPUIPlugin
2025-04-02 08:28:45,787 [INFO] PluginManager:220 - loadIPPluginJar : add ddr_ctrl_phy
2025-04-02 08:28:45,815 [INFO] IPUIPlugin:80 - create IPUIPlugin
2025-04-02 08:28:45,815 [INFO] PluginManager:220 - loadIPPluginJar : add dfsdm
2025-04-02 08:28:45,829 [INFO] IPUIPlugin:80 - create IPUIPlugin
2025-04-02 08:28:45,829 [INFO] PluginManager:220 - loadIPPluginJar : add dma
2025-04-02 08:28:45,875 [INFO] IPUIPlugin:80 - create IPUIPlugin
2025-04-02 08:28:45,875 [INFO] PluginManager:220 - loadIPPluginJar : add dma3
2025-04-02 08:28:45,920 [INFO] IPUIPlugin:80 - create IPUIPlugin
2025-04-02 08:28:45,920 [INFO] PluginManager:220 - loadIPPluginJar : add extmemmanager
2025-04-02 08:28:45,939 [INFO] IPUIPlugin:80 - create IPUIPlugin
2025-04-02 08:28:45,939 [INFO] PluginManager:220 - loadIPPluginJar : add fatfs
2025-04-02 08:28:45,983 [INFO] IPUIPlugin:80 - create IPUIPlugin
2025-04-02 08:28:45,983 [INFO] PluginManager:220 - loadIPPluginJar : add fmc
2025-04-02 08:28:45,997 [INFO] IPUIPlugin:80 - create IPUIPlugin
2025-04-02 08:28:45,997 [INFO] PluginManager:220 - loadIPPluginJar : add freertos
2025-04-02 08:28:46,016 [INFO] IPUIPlugin:80 - create IPUIPlugin
2025-04-02 08:28:46,016 [INFO] PluginManager:220 - loadIPPluginJar : add genericplugin
2025-04-02 08:28:46,107 [INFO] IPUIPlugin:80 - create IPUIPlugin
2025-04-02 08:28:46,107 [INFO] PluginManager:220 - loadIPPluginJar : add gfxmmu
2025-04-02 08:28:46,229 [INFO] IPUIPlugin:80 - create IPUIPlugin
2025-04-02 08:28:46,229 [INFO] PluginManager:220 - loadIPPluginJar : add gic
2025-04-02 08:28:46,240 [INFO] IPUIPlugin:80 - create IPUIPlugin
2025-04-02 08:28:46,241 [INFO] PluginManager:220 - loadIPPluginJar : add gpio
2025-04-02 08:28:46,328 [INFO] IPUIPlugin:80 - create IPUIPlugin
2025-04-02 08:28:46,328 [INFO] PluginManager:220 - loadIPPluginJar : add gtzc
2025-04-02 08:28:46,360 [INFO] IPUIPlugin:80 - create IPUIPlugin
2025-04-02 08:28:46,360 [INFO] PluginManager:220 - loadIPPluginJar : add hash
2025-04-02 08:28:46,412 [INFO] IPUIPlugin:80 - create IPUIPlugin
2025-04-02 08:28:46,412 [INFO] PluginManager:220 - loadIPPluginJar : add i2c
2025-04-02 08:28:46,452 [INFO] IPUIPlugin:80 - create IPUIPlugin
2025-04-02 08:28:46,452 [INFO] PluginManager:220 - loadIPPluginJar : add i2s
2025-04-02 08:28:46,491 [INFO] IPUIPlugin:80 - create IPUIPlugin
2025-04-02 08:28:46,491 [INFO] PluginManager:220 - loadIPPluginJar : add i3c
2025-04-02 08:28:46,590 [INFO] IPUIPlugin:80 - create IPUIPlugin
2025-04-02 08:28:46,590 [INFO] PluginManager:220 - loadIPPluginJar : add ipddr
2025-04-02 08:28:46,688 [INFO] IPUIPlugin:80 - create IPUIPlugin
2025-04-02 08:28:46,688 [INFO] PluginManager:220 - loadIPPluginJar : add linkedlist
2025-04-02 08:28:46,723 [INFO] IPUIPlugin:80 - create IPUIPlugin
2025-04-02 08:28:46,723 [INFO] PluginManager:220 - loadIPPluginJar : add lorawan
2025-04-02 08:28:46,759 [INFO] IPUIPlugin:80 - create IPUIPlugin
2025-04-02 08:28:46,760 [INFO] PluginManager:220 - loadIPPluginJar : add ltdc
2025-04-02 08:28:46,773 [INFO] IPUIPlugin:80 - create IPUIPlugin
2025-04-02 08:28:46,773 [INFO] PluginManager:220 - loadIPPluginJar : add mdma
2025-04-02 08:28:46,783 [INFO] IPUIPlugin:80 - create IPUIPlugin
2025-04-02 08:28:46,783 [INFO] PluginManager:220 - loadIPPluginJar : add nvic
2025-04-02 08:28:46,819 [INFO] IPUIPlugin:80 - create IPUIPlugin
2025-04-02 08:28:46,819 [INFO] PluginManager:220 - loadIPPluginJar : add opamp
2025-04-02 08:28:46,877 [INFO] IPUIPlugin:80 - create IPUIPlugin
2025-04-02 08:28:46,878 [INFO] PluginManager:220 - loadIPPluginJar : add openamp
2025-04-02 08:28:46,920 [INFO] IPUIPlugin:80 - create IPUIPlugin
2025-04-02 08:28:46,921 [INFO] PluginManager:220 - loadIPPluginJar : add pdm2pcm
2025-04-02 08:28:46,932 [INFO] IPUIPlugin:80 - create IPUIPlugin
2025-04-02 08:28:46,934 [INFO] PluginManager:220 - loadIPPluginJar : add plateformsettings
2025-04-02 08:28:46,956 [INFO] IPUIPlugin:80 - create IPUIPlugin
2025-04-02 08:28:46,956 [INFO] PluginManager:220 - loadIPPluginJar : add quadspi
2025-04-02 08:28:46,987 [INFO] IPUIPlugin:80 - create IPUIPlugin
2025-04-02 08:28:46,988 [INFO] PluginManager:220 - loadIPPluginJar : add radio
2025-04-02 08:28:47,000 [INFO] IPUIPlugin:80 - create IPUIPlugin
2025-04-02 08:28:47,001 [INFO] PluginManager:220 - loadIPPluginJar : add resmgrutility
2025-04-02 08:28:47,048 [INFO] IPUIPlugin:80 - create IPUIPlugin
2025-04-02 08:28:47,048 [INFO] PluginManager:220 - loadIPPluginJar : add sai
2025-04-02 08:28:47,087 [INFO] IPUIPlugin:80 - create IPUIPlugin
2025-04-02 08:28:47,087 [INFO] PluginManager:220 - loadIPPluginJar : add spi
2025-04-02 08:28:47,158 [INFO] IPUIPlugin:80 - create IPUIPlugin
2025-04-02 08:28:47,158 [INFO] PluginManager:220 - loadIPPluginJar : add stm32_wpan
2025-04-02 08:28:47,180 [INFO] IPUIPlugin:80 - create IPUIPlugin
2025-04-02 08:28:47,180 [INFO] PluginManager:220 - loadIPPluginJar : add tim
2025-04-02 08:28:47,237 [INFO] IPUIPlugin:80 - create IPUIPlugin
2025-04-02 08:28:47,238 [INFO] PluginManager:220 - loadIPPluginJar : add touchsensing
2025-04-02 08:28:47,259 [INFO] IPUIPlugin:80 - create IPUIPlugin
2025-04-02 08:28:47,259 [INFO] PluginManager:220 - loadIPPluginJar : add tracer_emb
2025-04-02 08:28:47,281 [INFO] IPUIPlugin:80 - create IPUIPlugin
2025-04-02 08:28:47,281 [INFO] PluginManager:220 - loadIPPluginJar : add ts
2025-04-02 08:28:47,300 [INFO] IPUIPlugin:80 - create IPUIPlugin
2025-04-02 08:28:47,300 [INFO] PluginManager:220 - loadIPPluginJar : add tsc
2025-04-02 08:28:47,322 [INFO] IPUIPlugin:80 - create IPUIPlugin
2025-04-02 08:28:47,322 [INFO] PluginManager:220 - loadIPPluginJar : add ucpd
2025-04-02 08:28:47,361 [INFO] IPUIPlugin:80 - create IPUIPlugin
2025-04-02 08:28:47,361 [INFO] PluginManager:220 - loadIPPluginJar : add usart
2025-04-02 08:28:47,402 [INFO] IPUIPlugin:80 - create IPUIPlugin
2025-04-02 08:28:47,402 [INFO] PluginManager:220 - loadIPPluginJar : add usbx
2025-04-02 08:28:47,513 [INFO] CADModel:165 - CPN selected for project level
2025-04-02 08:28:47,513 [INFO] CADModel:114 - Register for checkConnection events
2025-04-02 08:28:47,513 [FATAL] Updater:334 - Updater called before beeing initialized
2025-04-02 08:28:47,513 [ERROR] CADModel:125 - Updater not yet initialized, retry later 
2025-04-02 08:28:47,610 [INFO] CADModel:165 - CPN selected for project level
2025-04-02 08:28:47,610 [INFO] CADModel:114 - Register for checkConnection events
2025-04-02 08:28:47,610 [FATAL] Updater:334 - Updater called before beeing initialized
2025-04-02 08:28:47,610 [ERROR] CADModel:125 - Updater not yet initialized, retry later 
2025-04-02 08:28:47,613 [FATAL] Updater:334 - Updater called before beeing initialized
2025-04-02 08:28:47,707 [FATAL] Updater:334 - Updater called before beeing initialized
2025-04-02 08:28:47,720 [INFO] DbMcusAds:53 - JSON generation date=Thu Mar 06 23:54:21 KST 2025 (1741272861825)
2025-04-02 08:28:47,720 [FATAL] Updater:334 - Updater called before beeing initialized
2025-04-02 08:28:47,758 [WARN] DetailPanel:346 - Failed to get advertising image, set to default
2025-04-02 08:28:47,842 [FATAL] Updater:334 - Updater called before beeing initialized
2025-04-02 08:28:47,843 [FATAL] Updater:334 - Updater called before beeing initialized
2025-04-02 08:28:47,843 [FATAL] Updater:334 - Updater called before beeing initialized
2025-04-02 08:28:47,843 [WARN] DetailPanel:346 - Failed to get advertising image, set to default
2025-04-02 08:28:47,845 [FATAL] Updater:334 - Updater called before beeing initialized
2025-04-02 08:28:47,905 [ERROR] Updater:1164 - MainUpdater not yet initialized. External WinMGr cannot be set.
2025-04-02 08:28:47,916 [INFO] Updater:1100 - Updater Version found : 6.12.1
2025-04-02 08:28:47,933 [INFO] ApplicationProperties:184 - Using Application install path: C:\ST\STM32CubeIDE_1.16.1\STM32CubeIDE\plugins\com.st.stm32cube.common.mx_6.12.1.202409122256
2025-04-02 08:28:48,155 [INFO] ThirdPartyUpdaterWithRetryManager:70 - Updater plugin not ready yet. [2/15]
2025-04-02 08:28:49,508 [ERROR] LogOutputStream:75 - [STDERR_REDIRECT] Apr 02, 2025 8:28:49 AM java.util.prefs.WindowsPreferences <init>
2025-04-02 08:28:49,509 [ERROR] LogOutputStream:75 - [STDERR_REDIRECT] WARNING: Could not open/create prefs root node Software\JavaSoft\Prefs at root 0xffffffff80000002. Windows RegCreateKeyEx(...) returned error code 5.
2025-04-02 08:28:49,509 [ERROR] LogOutputStream:75 - [STDERR_REDIRECT] 
2025-04-02 08:28:49,854 [INFO] MainUpdater:2873 - connection check result : 10
2025-04-02 08:28:49,854 [INFO] MainUpdater:290 - Updater Check For Update Now.
2025-04-02 08:28:49,854 [INFO] MicroXplorer:498 - Change Database Version : DB.6.0.121
2025-04-02 08:28:49,869 [INFO] McuFinderGlobals:63 - Set McuFinder mode to 2 (CubeIDE integrated)
2025-04-02 08:28:49,876 [INFO] UserAuth:417 - Internet connection configuration mode: 1
2025-04-02 08:28:49,908 [INFO] JxBrowserEngine:152 - Initiate JxBrowser Engine with user profile folder
2025-04-02 08:28:50,060 [INFO] CheckServerUpdateThread:120 - End of CheckServer Thread
2025-04-02 08:28:51,366 [WARN] PackLoader:240 - Cannot read IP mode file for STMicroelectronics.FP-SNS-MOTENVWB1.1.4.0
2025-04-02 08:28:51,378 [WARN] PackLoader:240 - Cannot read IP mode file for STMicroelectronics.FP-ATR-ASTRA1.2.0.2
2025-04-02 08:28:51,389 [WARN] PackLoader:240 - Cannot read IP mode file for STMicroelectronics.FP-ATR-ASTRA1.2.0.1
2025-04-02 08:28:51,400 [WARN] PackLoader:240 - Cannot read IP mode file for STMicroelectronics.X-CUBE-SMBUS.2.1.0
2025-04-02 08:28:51,412 [WARN] PackLoader:240 - Cannot read IP mode file for STMicroelectronics.X-CUBE-WB05N.1.1.0
2025-04-02 08:28:51,444 [WARN] PackLoader:240 - Cannot read IP mode file for STMicroelectronics.X-CUBE-AZRTOS-F7.1.1.0
2025-04-02 08:28:51,503 [WARN] PackLoader:240 - Cannot read IP mode file for STMicroelectronics.X-CUBE-MEMS1.11.0.0
2025-04-02 08:28:51,639 [WARN] PackLoader:240 - Cannot read IP mode file for STMicroelectronics.FP-SNS-FLIGHT1.5.0.2
2025-04-02 08:28:51,668 [WARN] PackLoader:240 - Cannot read IP mode file for Infineon.AIROC-Wi-Fi-Bluetooth-STM32.1.7.0
2025-04-02 08:28:51,687 [WARN] PackLoader:240 - Cannot read IP mode file for STMicroelectronics.X-CUBE-DISPLAY.3.0.0
2025-04-02 08:28:51,705 [WARN] PackLoader:240 - Cannot read IP mode file for STMicroelectronics.X-CUBE-BLE1.7.0.0
2025-04-02 08:28:51,719 [WARN] PackLoader:240 - Cannot read IP mode file for STMicroelectronics.X-CUBE-NFC10.1.0.0
2025-04-02 08:28:51,738 [WARN] PackLoader:240 - Cannot read IP mode file for STMicroelectronics.X-CUBE-BLEMGR.4.0.0
2025-04-02 08:28:51,752 [WARN] PackLoader:240 - Cannot read IP mode file for emotas.I-CUBE-CANOPEN.1.3.0
2025-04-02 08:28:51,767 [WARN] ConditionMgr:438 - getConditionDescription Invalid condition id : Cortex-A Device cause : null
2025-04-02 08:28:51,791 [WARN] ConditionMgr:1039 - genDependencies : Invalid condition id : Cortex-A Device cause : null
2025-04-02 08:28:51,791 [WARN] ConditionMgr:1039 - genDependencies : Invalid condition id : Cortex-A Device cause : null
2025-04-02 08:28:51,791 [WARN] ConditionMgr:1039 - genDependencies : Invalid condition id : Cortex-A Device cause : null
2025-04-02 08:28:51,809 [WARN] PackLoader:240 - Cannot read IP mode file for STMicroelectronics.X-CUBE-BLEMGR.3.1.0
2025-04-02 08:28:51,829 [WARN] PackLoader:240 - Cannot read IP mode file for STMicroelectronics.X-CUBE-AI.10.0.0
2025-04-02 08:28:51,845 [WARN] PackLoader:240 - Cannot read IP mode file for STMicroelectronics.FP-SNS-SMARTAG2.1.2.0
2025-04-02 08:28:51,859 [ERROR] Engine:466 - C:\Users\LeeJooHo\.stm32cubemx\thirdparties\pdsc\STMicroelectronics.FP-SNS-FLIGHT1.5.1.0.pdsc: PDSC version is not supported
2025-04-02 08:28:51,967 [WARN] PackLoader:240 - Cannot read IP mode file for STMicroelectronics.X-CUBE-MEMS1.11.1.0
2025-04-02 08:28:52,128 [INFO] LogOutputStream:77 - [STDOUT_REDIRECT] 1 : Invalid condition id : UX_CORESTACK_Condition cause : null
2025-04-02 08:28:52,128 [INFO] LogOutputStream:77 - [STDOUT_REDIRECT] 1 : Invalid condition id : UX_CORESTACK_Condition cause : null
2025-04-02 08:28:52,130 [INFO] LogOutputStream:77 - [STDOUT_REDIRECT] 1 : Invalid condition id : UX_CORESTACK_Condition cause : null
2025-04-02 08:28:52,130 [INFO] LogOutputStream:77 - [STDOUT_REDIRECT] 1 : Invalid condition id : UX_CORESTACK_Condition cause : null
2025-04-02 08:28:52,132 [INFO] LogOutputStream:77 - [STDOUT_REDIRECT] 1 : Invalid condition id : UX_CORESTACK_Condition cause : null
2025-04-02 08:28:52,135 [WARN] PackLoader:240 - Cannot read IP mode file for STMicroelectronics.X-CUBE-AZRTOS-WL.2.0.0
2025-04-02 08:28:52,150 [WARN] PackLoader:240 - Cannot read IP mode file for STMicroelectronics.FP-SNS-MOTENV1.5.0.0
2025-04-02 08:28:52,163 [WARN] PackLoader:240 - Cannot read IP mode file for wolfSSL.I-CUBE-wolfMQTT.1.19.0
2025-04-02 08:28:52,181 [WARN] PackLoader:240 - Cannot read IP mode file for WES.I-CUBE-Cesium.1.3.0
2025-04-02 08:28:52,197 [WARN] PackLoader:240 - Cannot read IP mode file for STMicroelectronics.X-CUBE-BLE2.3.3.0
2025-04-02 08:28:52,212 [WARN] PackLoader:240 - Cannot read IP mode file for STMicroelectronics.X-CUBE-NFC9.1.0.0
2025-04-02 08:28:52,229 [WARN] PackLoader:240 - Cannot read IP mode file for STMicroelectronics.X-CUBE-BLE1.7.1.0
2025-04-02 08:28:52,245 [WARN] PackLoader:240 - Cannot read IP mode file for wolfSSL.I-CUBE-wolfMQTT.1.19.2
2025-04-02 08:28:52,265 [WARN] PackLoader:240 - Cannot read IP mode file for STMicroelectronics.X-CUBE-TCPP.4.1.0
2025-04-02 08:28:52,313 [WARN] PackLoader:240 - Cannot read IP mode file for STMicroelectronics.X-CUBE-AZRTOS-G0.1.1.0
2025-04-02 08:28:52,361 [WARN] PackLoader:240 - Cannot read IP mode file for STMicroelectronics.X-CUBE-SAFEA1.1.2.2
2025-04-02 08:28:52,379 [WARN] PackLoader:240 - Cannot read IP mode file for STMicroelectronics.X-CUBE-NFC4.3.0.0
2025-04-02 08:28:52,399 [WARN] PackLoader:240 - Cannot read IP mode file for EmbeddedOffice.I-CUBE-FS-RTOS.1.0.1
2025-04-02 08:28:52,401 [ERROR] ConditionMgr:805 - Attr not supported : Dmpu
2025-04-02 08:28:52,401 [ERROR] ConditionMgr:805 - Attr not supported : Dmpu
2025-04-02 08:28:52,401 [ERROR] ConditionMgr:805 - Attr not supported : Dmpu
2025-04-02 08:28:52,402 [ERROR] ConditionMgr:805 - Attr not supported : Dmpu
2025-04-02 08:28:52,402 [ERROR] ConditionMgr:805 - Attr not supported : Dmpu
2025-04-02 08:28:52,402 [ERROR] ConditionMgr:805 - Attr not supported : Dmpu
2025-04-02 08:28:52,402 [ERROR] ConditionMgr:805 - Attr not supported : Dmpu
2025-04-02 08:28:52,402 [ERROR] ConditionMgr:805 - Attr not supported : Dmpu
2025-04-02 08:28:52,402 [ERROR] ConditionMgr:805 - Attr not supported : Dmpu
2025-04-02 08:28:52,402 [ERROR] ConditionMgr:805 - Attr not supported : Dmpu
2025-04-02 08:28:52,402 [ERROR] ConditionMgr:805 - Attr not supported : Dmpu
2025-04-02 08:28:52,402 [ERROR] ConditionMgr:805 - Attr not supported : Dmpu
2025-04-02 08:28:52,402 [ERROR] ConditionMgr:805 - Attr not supported : Dmpu
2025-04-02 08:28:52,402 [ERROR] ConditionMgr:805 - Attr not supported : Dmpu
2025-04-02 08:28:52,403 [ERROR] ConditionMgr:805 - Attr not supported : Dmpu
2025-04-02 08:28:52,403 [ERROR] ConditionMgr:805 - Attr not supported : Dmpu
2025-04-02 08:28:52,403 [ERROR] ConditionMgr:805 - Attr not supported : Dmpu
2025-04-02 08:28:52,403 [ERROR] ConditionMgr:805 - Attr not supported : Dmpu
2025-04-02 08:28:52,403 [ERROR] ConditionMgr:805 - Attr not supported : Dmpu
2025-04-02 08:28:52,403 [ERROR] ConditionMgr:805 - Attr not supported : Dmpu
2025-04-02 08:28:52,404 [ERROR] ConditionMgr:805 - Attr not supported : Dmpu
2025-04-02 08:28:52,404 [ERROR] ConditionMgr:805 - Attr not supported : Dmpu
2025-04-02 08:28:52,404 [ERROR] ConditionMgr:805 - Attr not supported : Dmpu
2025-04-02 08:28:52,404 [ERROR] ConditionMgr:805 - Attr not supported : Dmpu
2025-04-02 08:28:52,404 [ERROR] ConditionMgr:805 - Attr not supported : Dmpu
2025-04-02 08:28:52,404 [ERROR] ConditionMgr:805 - Attr not supported : Dmpu
2025-04-02 08:28:52,404 [ERROR] ConditionMgr:805 - Attr not supported : Dmpu
2025-04-02 08:28:52,404 [ERROR] ConditionMgr:805 - Attr not supported : Dmpu
2025-04-02 08:28:52,404 [ERROR] ConditionMgr:805 - Attr not supported : Dmpu
2025-04-02 08:28:52,404 [ERROR] ConditionMgr:805 - Attr not supported : Dmpu
2025-04-02 08:28:52,404 [ERROR] ConditionMgr:805 - Attr not supported : Dmpu
2025-04-02 08:28:52,404 [ERROR] ConditionMgr:805 - Attr not supported : Dmpu
2025-04-02 08:28:52,404 [ERROR] ConditionMgr:805 - Attr not supported : Dmpu
2025-04-02 08:28:52,404 [ERROR] ConditionMgr:805 - Attr not supported : Dmpu
2025-04-02 08:28:52,405 [ERROR] ConditionMgr:805 - Attr not supported : Dmpu
2025-04-02 08:28:52,405 [ERROR] ConditionMgr:805 - Attr not supported : Dmpu
2025-04-02 08:28:52,405 [ERROR] ConditionMgr:805 - Attr not supported : Dmpu
2025-04-02 08:28:52,405 [ERROR] ConditionMgr:805 - Attr not supported : Dmpu
2025-04-02 08:28:52,405 [ERROR] ConditionMgr:805 - Attr not supported : Dmpu
2025-04-02 08:28:52,405 [ERROR] ConditionMgr:805 - Attr not supported : Dmpu
2025-04-02 08:28:52,405 [ERROR] ConditionMgr:805 - Attr not supported : Dmpu
2025-04-02 08:28:52,405 [ERROR] ConditionMgr:805 - Attr not supported : Dmpu
2025-04-02 08:28:52,405 [ERROR] ConditionMgr:805 - Attr not supported : Dmpu
2025-04-02 08:28:52,405 [ERROR] ConditionMgr:805 - Attr not supported : Dmpu
2025-04-02 08:28:52,405 [ERROR] ConditionMgr:805 - Attr not supported : Dmpu
2025-04-02 08:28:52,405 [ERROR] ConditionMgr:805 - Attr not supported : Dmpu
2025-04-02 08:28:52,406 [ERROR] ConditionMgr:805 - Attr not supported : Dmpu
2025-04-02 08:28:52,406 [ERROR] ConditionMgr:805 - Attr not supported : Dmpu
2025-04-02 08:28:52,406 [ERROR] ConditionMgr:805 - Attr not supported : Dmpu
2025-04-02 08:28:52,406 [ERROR] ConditionMgr:805 - Attr not supported : Dmpu
2025-04-02 08:28:52,406 [ERROR] ConditionMgr:805 - Attr not supported : Dmpu
2025-04-02 08:28:52,406 [ERROR] ConditionMgr:805 - Attr not supported : Dmpu
2025-04-02 08:28:52,406 [ERROR] ConditionMgr:805 - Attr not supported : Dmpu
2025-04-02 08:28:52,406 [ERROR] ConditionMgr:805 - Attr not supported : Dmpu
2025-04-02 08:28:52,406 [ERROR] ConditionMgr:805 - Attr not supported : Dmpu
2025-04-02 08:28:52,406 [ERROR] ConditionMgr:805 - Attr not supported : Dmpu
2025-04-02 08:28:52,406 [ERROR] ConditionMgr:805 - Attr not supported : Dmpu
2025-04-02 08:28:52,406 [ERROR] ConditionMgr:805 - Attr not supported : Dmpu
2025-04-02 08:28:52,406 [ERROR] ConditionMgr:805 - Attr not supported : Dmpu
2025-04-02 08:28:52,407 [ERROR] ConditionMgr:805 - Attr not supported : Dmpu
2025-04-02 08:28:52,407 [ERROR] ConditionMgr:805 - Attr not supported : Dmpu
2025-04-02 08:28:52,407 [ERROR] ConditionMgr:805 - Attr not supported : Dmpu
2025-04-02 08:28:52,407 [ERROR] ConditionMgr:805 - Attr not supported : Dmpu
2025-04-02 08:28:52,407 [ERROR] ConditionMgr:805 - Attr not supported : Dmpu
2025-04-02 08:28:52,419 [WARN] PackLoader:240 - Cannot read IP mode file for wolfSSL.I-CUBE-wolfTPM.3.8.0
2025-04-02 08:28:52,430 [ERROR] Engine:466 - C:\Users\LeeJooHo\.stm32cubemx\thirdparties\pdsc\STMicroelectronics.X-CUBE-TCPP.4.2.0.pdsc: PDSC version is not supported
2025-04-02 08:28:52,445 [WARN] PackLoader:240 - Cannot read IP mode file for RealThread.X-CUBE-RT-Thread_Nano.4.1.1
2025-04-02 08:28:52,457 [WARN] PackLoader:240 - Cannot read IP mode file for STMicroelectronics.FP-ATR-SIGFOX1.3.2.0
2025-04-02 08:28:52,470 [WARN] PackLoader:240 - Cannot read IP mode file for wolfSSL.I-CUBE-wolfSSL.5.7.2
2025-04-02 08:28:52,482 [WARN] ConditionMgr:438 - getConditionDescription Invalid condition id : Cortex-A Device cause : null
2025-04-02 08:28:52,499 [WARN] ConditionMgr:1039 - genDependencies : Invalid condition id : Cortex-A Device cause : null
2025-04-02 08:28:52,499 [WARN] ConditionMgr:1039 - genDependencies : Invalid condition id : Cortex-A Device cause : null
2025-04-02 08:28:52,499 [WARN] ConditionMgr:1039 - genDependencies : Invalid condition id : Cortex-A Device cause : null
2025-04-02 08:28:52,513 [WARN] PackLoader:240 - Cannot read IP mode file for STMicroelectronics.X-CUBE-EEPRMA1.5.1.0
2025-04-02 08:28:52,517 [INFO] WebApp:167 - Instantiating new browser for Auth
2025-04-02 08:28:52,522 [WARN] PackLoader:240 - Cannot read IP mode file for wolfSSL.I-CUBE-wolfSSL.5.7.6
2025-04-02 08:28:52,548 [WARN] PackLoader:240 - Cannot read IP mode file for ITTIA_DB.I-CUBE-ITTIADB.8.9.0
2025-04-02 08:28:52,586 [WARN] PackLoader:240 - Cannot read IP mode file for SEGGER.I-CUBE-embOS.1.3.1
2025-04-02 08:28:52,635 [WARN] PackLoader:240 - Cannot read IP mode file for STMicroelectronics.X-CUBE-ALGOBUILD.1.4.0
2025-04-02 08:28:52,652 [WARN] PackLoader:240 - Cannot read IP mode file for STMicroelectronics.X-CUBE-AI.9.1.0
2025-04-02 08:28:52,685 [WARN] PackLoader:240 - Cannot read IP mode file for STMicroelectronics.X-CUBE-AZRTOS-F4.1.1.0
2025-04-02 08:28:52,706 [WARN] PackLoader:240 - Cannot read IP mode file for STMicroelectronics.X-CUBE-ISPU.2.1.0
2025-04-02 08:28:52,721 [WARN] PackLoader:240 - Cannot read IP mode file for STMicroelectronics.X-CUBE-FREERTOS.1.2.0
2025-04-02 08:28:52,744 [WARN] PackLoader:240 - Cannot read IP mode file for STMicroelectronics.X-CUBE-AZRTOS-L5.2.0.0
2025-04-02 08:28:52,762 [WARN] PackLoader:240 - Cannot read IP mode file for STMicroelectronics.X-CUBE-NFC6.3.1.0
2025-04-02 08:28:52,779 [WARN] PackLoader:240 - Cannot read IP mode file for STMicroelectronics.X-CUBE-DPower.1.2.0
2025-04-02 08:28:52,789 [WARN] PackLoader:240 - Cannot read IP mode file for STMicroelectronics.X-CUBE-FREERTOS.1.3.0
2025-04-02 08:28:52,800 [WARN] PackLoader:240 - Cannot read IP mode file for STMicroelectronics.X-CUBE-NFC7.1.0.1
2025-04-02 08:28:52,811 [WARN] PackLoader:240 - Cannot read IP mode file for STMicroelectronics.X-CUBE-DPower.1.3.0
2025-04-02 08:28:52,836 [WARN] ConditionMgr:438 - getConditionDescription Invalid condition id : LAN8742 Phy interface Condition cause : null
2025-04-02 08:28:52,836 [WARN] PackLoader:240 - Cannot read IP mode file for STMicroelectronics.X-CUBE-AZRTOS-L4.2.0.0
2025-04-02 08:28:52,837 [WARN] ConditionMgr:1039 - genDependencies : Invalid condition id : LAN8742 Phy interface Condition cause : null
2025-04-02 08:28:52,837 [WARN] ConditionMgr:1039 - genDependencies : Invalid condition id : LAN8742 Phy interface Condition cause : null
2025-04-02 08:28:52,838 [WARN] ConditionMgr:1039 - genDependencies : Invalid condition id : LAN8742 Phy interface Condition cause : null
2025-04-02 08:28:52,852 [WARN] PackLoader:240 - Cannot read IP mode file for STMicroelectronics.X-CUBE-SFXS2LP1.4.0.0
2025-04-02 08:28:52,889 [WARN] PackLoader:240 - Cannot read IP mode file for STMicroelectronics.X-CUBE-AZRTOS-H7.3.3.0
2025-04-02 08:28:52,910 [WARN] PackLoader:240 - Cannot read IP mode file for STMicroelectronics.X-CUBE-IPS.3.0.0
2025-04-02 08:28:52,938 [WARN] ConditionMgr:438 - getConditionDescription Invalid condition id : UX DEVICE CLASS RTOS Condition cause : null
2025-04-02 08:28:52,938 [WARN] ConditionMgr:438 - getConditionDescription Invalid condition id : UX DEVICE CLASS RTOS Condition cause : null
2025-04-02 08:28:52,939 [WARN] PackLoader:240 - Cannot read IP mode file for STMicroelectronics.X-CUBE-AZRTOS-WB.2.0.0
2025-04-02 08:28:52,940 [WARN] ConditionMgr:1039 - genDependencies : Invalid condition id : UX DEVICE CLASS RTOS Condition cause : null
2025-04-02 08:28:52,940 [WARN] ConditionMgr:1039 - genDependencies : Invalid condition id : UX DEVICE CLASS RTOS Condition cause : null
2025-04-02 08:28:52,941 [WARN] ConditionMgr:1039 - genDependencies : Invalid condition id : UX DEVICE CLASS RTOS Condition cause : null
2025-04-02 08:28:52,941 [WARN] ConditionMgr:1039 - genDependencies : Invalid condition id : UX DEVICE CLASS RTOS Condition cause : null
2025-04-02 08:28:52,941 [WARN] ConditionMgr:1039 - genDependencies : Invalid condition id : UX DEVICE CLASS RTOS Condition cause : null
2025-04-02 08:28:52,961 [WARN] PackLoader:240 - Cannot read IP mode file for STMicroelectronics.X-CUBE-GNSS1.7.0.0
2025-04-02 08:28:52,973 [WARN] PackLoader:240 - Cannot read IP mode file for STMicroelectronics.X-CUBE-GNSS1.7.0.1
2025-04-02 08:28:52,993 [WARN] PackLoader:240 - Cannot read IP mode file for STMicroelectronics.X-CUBE-TOUCHGFX.4.25.0
2025-04-02 08:28:53,096 [WARN] PackLoader:240 - Cannot read IP mode file for STMicroelectronics.FP-SNS-STBOX1.2.0.0
2025-04-02 08:28:53,114 [WARN] PackLoader:240 - Cannot read IP mode file for STMicroelectronics.X-CUBE-SUBG2.5.0.0
2025-04-02 08:28:53,147 [WARN] PackLoader:240 - Cannot read IP mode file for STMicroelectronics.X-CUBE-AZRTOS-H7RS.1.1.0
2025-04-02 08:28:53,163 [WARN] PackLoader:240 - Cannot read IP mode file for Cesanta.I-CUBE-Mongoose.7.13.0
2025-04-02 08:28:53,189 [WARN] PackLoader:240 - Cannot read IP mode file for STMicroelectronics.X-CUBE-AZRTOS-G4.2.0.0
2025-04-02 08:28:53,200 [WARN] PackLoader:240 - Cannot read IP mode file for wolfSSL.I-CUBE-wolfSSH.1.4.20
2025-04-02 08:28:53,221 [ERROR] Engine:466 - C:\Users\LeeJooHo\.stm32cubemx\thirdparties\pdsc\STMicroelectronics.X-CUBE-IPS.3.1.0.pdsc: PDSC version is not supported
2025-04-02 08:28:53,237 [WARN] PackLoader:240 - Cannot read IP mode file for STMicroelectronics.X-CUBE-ALS.1.0.2
2025-04-02 08:28:53,253 [WARN] PackLoader:240 - Cannot read IP mode file for STMicroelectronics.X-CUBE-TOUCHGFX.4.24.2
2025-04-02 08:28:53,272 [WARN] PackLoader:240 - Cannot read IP mode file for STMicroelectronics.X-CUBE-TOUCHGFX.4.24.1
2025-04-02 08:28:53,286 [WARN] PackLoader:240 - Cannot read IP mode file for wolfSSL.I-CUBE-wolfTPM.3.4.0
2025-04-02 08:28:53,300 [WARN] PackLoader:240 - Cannot read IP mode file for portGmbH.I-Cube-SoM-uGOAL.1.1.0
2025-04-02 08:28:53,324 [WARN] PackLoader:240 - Cannot read IP mode file for STMicroelectronics.X-CUBE-AZRTOS-H7RS.1.0.0
2025-04-02 08:28:53,344 [WARN] PackLoader:240 - Cannot read IP mode file for STMicroelectronics.FP-ATR-ASTRA1.2.0.0
2025-04-02 08:28:53,362 [INFO] WebApp:448 - Apply proxy settings
2025-04-02 08:28:53,363 [INFO] WebApp:533 - Chromium requires no authentication
2025-04-02 08:28:53,364 [WARN] PackLoader:240 - Cannot read IP mode file for STMicroelectronics.X-CUBE-TOF1.3.4.2
2025-04-02 08:28:53,373 [INFO] WebApp:476 - Direct internet connection detected
2025-04-02 08:28:53,395 [WARN] PackLoader:240 - Cannot read IP mode file for Infineon.AIROC-Wi-Fi-Bluetooth-STM32.1.6.1
2025-04-02 08:28:53,400 [INFO] WebApp:869 - Register for checkConnection events
2025-04-02 08:28:53,400 [INFO] WebApp:448 - Apply proxy settings
2025-04-02 08:28:53,400 [INFO] WebApp:533 - Chromium requires no authentication
2025-04-02 08:28:53,402 [INFO] WebApp:476 - Direct internet connection detected
2025-04-02 08:28:53,408 [WARN] PackLoader:240 - Cannot read IP mode file for wolfSSL.I-CUBE-wolfSSH.1.4.17
2025-04-02 08:28:53,408 [INFO] ThirdParty:978 - Integrity check success = true
2025-04-02 08:28:53,408 [INFO] IntegrityCheckThread:100 - exiting critical section [integrity check]
2025-04-02 08:28:53,408 [INFO] IntegrityCheckThread:103 - End integrity checks thread
2025-04-02 08:28:53,571 [INFO] WebApp:220 - Starting web application
2025-04-02 08:28:53,571 [INFO] WebApp:578 - Web application path used C:\ST\STM32CubeIDE_1.16.1\STM32CubeIDE\plugins\com.st.stm32cube.common.mx_6.12.1.202409122256\db\plugins\mcufinder\reactClient1\index.html
2025-04-02 08:28:53,723 [INFO] UserAuth:417 - Internet connection configuration mode: 1
2025-04-02 08:28:53,782 [INFO] WebApp:186 - Connection restablished
2025-04-02 08:48:55,649 [INFO] McuFinderGlobals:63 - Set McuFinder mode to 2 (CubeIDE integrated)
2025-04-02 08:48:55,672 [INFO] MainUpdater:2873 - connection check result : 10
2025-04-02 08:48:55,678 [INFO] MainUpdater:2873 - connection check result : 10
2025-04-02 08:48:55,819 [INFO] RulesReader:64 - Compatibility file has been processed (297 Rules)
2025-04-02 08:48:55,825 [INFO] RulesReader:64 - Compatibility file has been processed (297 Rules)
2025-04-02 08:48:55,827 [INFO] MicroXplorer:468 - Change Database Path : 
2025-04-02 08:48:55,827 [INFO] MicroXplorer:498 - Change Database Version : DB.6.0.121
2025-04-02 08:48:55,832 [WARN] ThirdParty:871 - waiting for thirdparty lock release [close project]
2025-04-02 08:48:55,833 [INFO] ThirdParty:873 - entering critical section [close project]
2025-04-02 08:48:55,834 [INFO] ThirdParty:883 - exiting critical section [close project]
2025-04-02 08:48:55,836 [INFO] PinOutPanel:1561 - setPackage(No Configuration,No Configuration)
2025-04-02 08:48:55,838 [INFO] UtilMem:75 - Begin LoadConfig() Used Memory: 636429456 Bytes (1073741824)
2025-04-02 08:48:55,839 [INFO] MicroXplorer:468 - Change Database Path : 
2025-04-02 08:48:55,839 [INFO] MicroXplorer:498 - Change Database Version : DB.6.0.121
2025-04-02 08:48:55,839 [INFO] OpenFileManager:332 - Change cursor
2025-04-02 08:48:55,871 [INFO] Mcu:2032 - Initializing MCU STM32F407V(E-G)Tx STM32F407VETx STM32F407VET6
2025-04-02 08:48:57,194 [INFO] Context:742 - Trying to add GPIOservice into a context  which must be forbidden
2025-04-02 08:48:57,748 [INFO] RtosManager:555 - Registered RTOS mode: class=CMSIS, group=RTOS, mode=CMSIS_V1, owner=FREERTOS
2025-04-02 08:48:57,748 [INFO] RtosManager:555 - Registered RTOS mode: class=CMSIS, group=RTOS2, mode=CMSIS_V2, owner=FREERTOS
2025-04-02 08:48:57,748 [INFO] RtosManager:555 - Registered RTOS mode: class=RTOS, group=Core, mode=CMSIS_V1, owner=FREERTOS
2025-04-02 08:48:57,748 [INFO] RtosManager:555 - Registered RTOS mode: class=RTOS, group=Core, mode=CMSIS_V2, owner=FREERTOS
2025-04-02 08:48:57,748 [WARN] ModelIntegratedComponent:184 - Missing modes for component STMicroelectronics:FreeRTOS:0.0.1:STMicroelectronics:RTOS:FreeRTOS:Core:::10.2.0:
2025-04-02 08:48:57,759 [WARN] ModelIntegratedComponent:63 - No mode defined for component null
2025-04-02 08:48:57,759 [WARN] ModelIntegratedComponent:63 - No mode defined for component null
2025-04-02 08:48:57,759 [WARN] ModelIntegratedComponent:63 - No mode defined for component null
2025-04-02 08:48:57,759 [WARN] ModelIntegratedComponent:63 - No mode defined for component null
2025-04-02 08:48:57,759 [WARN] ModelIntegratedComponent:63 - No mode defined for component null
2025-04-02 08:48:57,759 [WARN] ModelIntegratedComponent:63 - No mode defined for component null
2025-04-02 08:48:57,759 [WARN] ModelIntegratedComponent:63 - No mode defined for component null
2025-04-02 08:48:57,759 [WARN] ModelIntegratedComponent:63 - No mode defined for component null
2025-04-02 08:48:57,759 [WARN] ModelIntegratedComponent:63 - No mode defined for component null
2025-04-02 08:48:57,759 [WARN] ModelIntegratedComponent:63 - No mode defined for component null
2025-04-02 08:48:57,759 [WARN] ModelIntegratedComponent:63 - No mode defined for component null
2025-04-02 08:48:57,759 [WARN] ModelIntegratedComponent:63 - No mode defined for component null
2025-04-02 08:48:57,759 [WARN] ModelIntegratedComponent:63 - No mode defined for component null
2025-04-02 08:48:57,759 [WARN] ModelIntegratedComponent:63 - No mode defined for component null
2025-04-02 08:48:57,759 [WARN] ModelIntegratedComponent:63 - No mode defined for component null
2025-04-02 08:48:57,759 [WARN] ModelIntegratedComponent:63 - No mode defined for component null
2025-04-02 08:48:57,759 [WARN] ModelIntegratedComponent:63 - No mode defined for component null
2025-04-02 08:48:57,759 [WARN] ModelIntegratedComponent:63 - No mode defined for component null
2025-04-02 08:48:57,759 [WARN] ModelIntegratedComponent:63 - No mode defined for component null
2025-04-02 08:48:57,759 [WARN] ModelIntegratedComponent:63 - No mode defined for component null
2025-04-02 08:48:57,759 [WARN] ModelIntegratedComponent:63 - No mode defined for component null
2025-04-02 08:48:57,759 [WARN] ModelIntegratedComponent:63 - No mode defined for component null
2025-04-02 08:48:57,759 [WARN] ModelIntegratedComponent:63 - No mode defined for component null
2025-04-02 08:48:57,760 [WARN] ModelIntegratedComponent:63 - No mode defined for component null
2025-04-02 08:48:57,760 [WARN] ModelIntegratedComponent:63 - No mode defined for component null
2025-04-02 08:48:57,760 [WARN] ModelIntegratedComponent:63 - No mode defined for component null
2025-04-02 08:48:57,760 [WARN] ModelIntegratedComponent:63 - No mode defined for component null
2025-04-02 08:48:57,760 [WARN] ModelIntegratedComponent:63 - No mode defined for component null
2025-04-02 08:48:57,760 [WARN] ModelIntegratedComponent:63 - No mode defined for component null
2025-04-02 08:48:57,760 [WARN] ModelIntegratedComponent:63 - No mode defined for component null
2025-04-02 08:48:57,760 [WARN] ModelIntegratedComponent:63 - No mode defined for component null
2025-04-02 08:48:57,760 [WARN] ModelIntegratedComponent:63 - No mode defined for component null
2025-04-02 08:48:57,760 [WARN] ModelIntegratedComponent:63 - No mode defined for component null
2025-04-02 08:48:57,760 [WARN] ModelIntegratedComponent:63 - No mode defined for component null
2025-04-02 08:48:57,760 [WARN] ModelIntegratedComponent:63 - No mode defined for component null
2025-04-02 08:48:57,760 [WARN] ModelPack:524 - Component already loaded: STMicroelectronics:HAL Drivers:0.0.0:STMicroelectronics:Device:STMicro_Driver:XSPI:HAL::0.0.1:HAL_XSPI
2025-04-02 08:48:57,837 [INFO] ThirdPartyModel:298 - Start build external matchings
2025-04-02 08:48:58,446 [INFO] ThirdPartyModel:316 - End build external matchings
2025-04-02 08:48:58,717 [INFO] ApiDb:581 - Connected to CubeFinder SQLite database (C:\Users\LeeJooHo\.stmcufinder\plugins\mcufinder\mcu\cube-finder-db.db)
2025-04-02 08:48:58,789 [INFO] ApiDb:668 - CubeFinder database Data Model version=2.1
2025-04-02 08:48:58,789 [INFO] ApiDb:669 - CubeFinder database Configuration version=3.0.39
2025-04-02 08:48:58,790 [INFO] ApiDb:670 - CubeFinder database generation date=2025-03-24 (1742811287)
2025-04-02 08:48:58,790 [INFO] ApiDb:671 - CubeFinder database FW Pack versions=[FP-ATR-ASTRA1_V2.0.0, FP-SNS-FLIGHT1_V5.0.2, FP-SNS-MOTENV1_V5.0.0, FP-SNS-MOTENVWB1_V1.4.0, FP-SNS-SMARTAG2_V1.2.0, FP-SNS-STBOX1_V2.0.0, STM32Cube_FW_C0_V1.4.0, STM32Cube_FW_F4_V1.28.1, STM32Cube_FW_F7_V1.17.2, STM32Cube_FW_G0_V1.6.2, STM32Cube_FW_G4_V1.6.1, STM32Cube_FW_H5_V1.5.0, STM32Cube_FW_H7RS_V1.2.0, STM32Cube_FW_H7_V1.12.1, STM32Cube_FW_L0_V1.12.2, STM32Cube_FW_L4_V1.18.1, STM32Cube_FW_L5_V1.5.1, STM32Cube_FW_N6_V1.1.0, STM32Cube_FW_U0_V1.2.0, STM32Cube_FW_U3_V1.1.0, STM32Cube_FW_U5_V1.7.0, STM32Cube_FW_WB0_V1.2.0, STM32Cube_FW_WBA_V1.6.0, STM32Cube_FW_WB_V1.22.0, STM32Cube_FW_WL3_V1.1.0, STM32Cube_FW_WL_V1.3.1, X-CUBE-ALGOBUILD_V1.4.0, X-CUBE-ALS_V1.0.2, X-CUBE-AZRTOS-F4_V1.1.0, X-CUBE-AZRTOS-F7_V1.1.0, X-CUBE-AZRTOS-G0_V1.1.0, X-CUBE-AZRTOS-G4_V2.0.0, X-CUBE-AZRTOS-H7RS_V1.0.0, X-CUBE-AZRTOS-H7_V3.3.0, X-CUBE-AZRTOS-L4_V2.0.0, X-CUBE-AZRTOS-L5_V2.0.0, X-CUBE-AZRTOS-WB_V2.0.0, X-CUBE-AZRTOS-WL_V2.0.0, X-CUBE-BLE1_V7.1.0, X-CUBE-BLE2_V3.3.0, X-CUBE-BLEMGR_V4.0.0, X-CUBE-EEPRMA1_V5.1.0, X-CUBE-FREERTOS_V1.3.0, X-CUBE-GNSS1_V6.0.0, X-CUBE-MEMS1_V11.1.0, X-CUBE-NFC4_V3.0.0, X-CUBE-NFC7_V1.0.1, X-CUBE-SFXS2LP1_V4.0.0, X-CUBE-SUBG2_V5.0.0, X-CUBE-TOF1_V3.4.2]
2025-04-02 08:48:58,888 [INFO] DbBoardsSqlite:226 - include board P-NUCLEO-WB55-NUCLEO as a kit item of type 'Nucleo-64'
2025-04-02 08:48:58,888 [INFO] DbBoardsSqlite:226 - include board P-NUCLEO-WB55-USBDONGLE as a kit item of type 'Nucleo USB Dongle'
2025-04-02 08:48:58,889 [INFO] DbBoardsSqlite:226 - include board STEVAL-IDP005V1 as a kit item of type 'Evaluation Board'
2025-04-02 08:48:58,889 [INFO] DbBoardsSqlite:226 - include board STEVAL-IDP005V2 as a kit item of type 'Evaluation Board'
2025-04-02 08:48:59,310 [INFO] ApiDb:240 - Found 646 in-development CPN: [B-G473E-ZEST1S, B-WB1M-WPAN1, B-WL5M-SUBG1, NUCLEO-C031C6, NUCLEO-C071RB, NUCLEO-H503RB, NUCLEO-H533RE, NUCLEO-H563ZI, NUCLEO-H7S3L8, NUCLEO-U031R8, NUCLEO-U083RC, NUCLEO-U545RE-Q, NUCLEO-U5A5ZJ-Q, NUCLEO-WB05KZ, NUCLEO-WB07CC, NUCLEO-WB09KE, NUCLEO-WBA52CG, NUCLEO-WBA55CG, STEVAL-PROTEUS1, STEVAL-SMARTAG2, STEVAL-STWINBX1, STM320518-EVAL, STM32C0116-DK, STM32C011D6Y3TR, STM32C011D6Y6TR, STM32C011F4P3, STM32C011F4P6, STM32C011F4U3, STM32C011F4U6TR, STM32C011F6P3, STM32C011F6P6, STM32C011F6U3, STM32C011F6U6TR, STM32C011J4M3, STM32C011J4M6, STM32C011J6M3, STM32C011J6M6, STM32C0316-DK, STM32C031C4T3, STM32C031C4T6, STM32C031C4U3, STM32C031C4U6, STM32C031C6T3, STM32C031C6T6, STM32C031C6U3, STM32C031C6U6, STM32C031F4P3, STM32C031F4P6, STM32C031F6P3, STM32C031F6P6, STM32C031G4U3, STM32C031G4U6, STM32C031G6U3, STM32C031G6U6, STM32C031K4T3, STM32C031K4T6, STM32C031K4U3, STM32C031K4U6, STM32C031K6T3, STM32C031K6T6, STM32C031K6U3, STM32C031K6U6, STM32C071C8T6, STM32C071C8T6N, STM32C071C8U6, STM32C071C8U6N, STM32C071CBT6, STM32C071CBT6N, STM32C071CBU6, STM32C071CBU6N, STM32C071F8P6, STM32C071F8P6N, STM32C071FBP6, STM32C071FBP6N, STM32C071FBY6TR, STM32C071G8U6, STM32C071G8U6N, STM32C071GBU6, STM32C071GBU6N, STM32C071K8T6, STM32C071K8T6N, STM32C071K8U6, STM32C071K8U6N, STM32C071KBT6, STM32C071KBT6N, STM32C071KBU6, STM32C071KBU6N, STM32C071R8T6, STM32C071R8T6N, STM32C071RBI6N, STM32C071RBT6, STM32C071RBT6N, STM32G071K8TXN, STM32G071K8UXN, STM32G081GBU6N, STM32G081KBT6N, STM32G081KBUXN, STM32G0B1CCT6N, STM32G0B1KCT6, STM32G0B1NEY6TR, STM32G0B1RCT6N, STM32G0C1CCT6, STM32G0C1CCT6N, STM32G0C1CCU6N, STM32G0C1CET6N, STM32G0C1CEU6N, STM32G0C1KCT6, STM32G0C1NEY6TR, STM32G0C1RCI6N, STM32G0C1RCT6N, STM32G0C1REI6N, STM32G0C1RET6N, STM32G0C1VCI6, STM32G0C1VEI6, STM32G411C6T3, STM32G411C6T6, STM32G411C6U3, STM32G411C6U6, STM32G411C8T3, STM32G411C8T6, STM32G411C8U3, STM32G411C8U6, STM32G411CBT3, STM32G411CBT6, STM32G411CBU3, STM32G411CBU6, STM32G411K6T3, STM32G411K6T6, STM32G411K6U3, STM32G411K6U6, STM32G411K8T3, STM32G411K8T6, STM32G411K8U3, STM32G411K8U6, STM32G411KBT3, STM32G411KBT6, STM32G411KBU3, STM32G411KBU6, STM32G411M6T3, STM32G411M6T6, STM32G411M8T3, STM32G411M8T6, STM32G411MBT3, STM32G411MBT6, STM32G411R6T3, STM32G411R6T6, STM32G411R8T3, STM32G411R8T6, STM32G411RBT3, STM32G411RBT6, STM32G414CBT3, STM32G414CBT6, STM32G414CBU3, STM32G414CBU6, STM32G414CCT3, STM32G414CCT6, STM32G414CCU3, STM32G414CCU6, STM32G414MBT3, STM32G414MBT6, STM32G414MCT3, STM32G414MCT6, STM32G414RBT3, STM32G414RBT6, STM32G414RCT3, STM32G414RCT6, STM32G414VBT3, STM32G414VBT6, STM32G414VCT3, STM32G414VCT6, STM32G431CBT3Z, STM32G431RBT3Z, STM32G471CCT6, STM32G471CCU6, STM32G471CET3, STM32G471CET6, STM32G471CEU3, STM32G471CEU6, STM32G471MCT6, STM32G471MET3, STM32G471MET6, STM32G471MEY6TR, STM32G471QCT6, STM32G471QET3, STM32G471RCT6, STM32G471RET3, STM32G471RET6, STM32G471VCH6, STM32G471VCI6, STM32G471VCT6, STM32G471VEH3, STM32G471VEH6, STM32G471VEI3, STM32G471VEI6, STM32G471VET3, STM32G471VET6, STM32G473QET3Z, STM32G473RET3Z, STM32G474CCT6, STM32G491RET3Z, STM32H503CBT6, STM32H503CBU6, STM32H503EBY6TR, STM32H503KBU6, STM32H503RBT6, STM32H523CCT6, STM32H523CCU6, STM32H523CET6, STM32H523CEU6, STM32H523HEY6TR, STM32H523RCT6, STM32H523RET6, STM32H523VCI6, STM32H523VCT6, STM32H523VEI6, STM32H523VET6, STM32H523ZCJ6, STM32H523ZCT6, STM32H523ZEJ6, STM32H523ZET6, STM32H533CET6, STM32H533CEU6, STM32H533HEY6TR, STM32H533RET6, STM32H533VEI6, STM32H533VET6, STM32H533ZEJ6, STM32H533ZET6, STM32H562AGI6, STM32H562AII6, STM32H562IGK6, STM32H562IGT6, STM32H562IIK6, STM32H562IIT6, STM32H562RGT6, STM32H562RGV6, STM32H562RIT6, STM32H562RIV6, STM32H562VGT6, STM32H562VIT6, STM32H562ZGT6, STM32H562ZIT6, STM32H563AGI6, STM32H563AII3Q, STM32H563AII6, STM32H563IGK6, STM32H563IGT6, STM32H563IIK3Q, STM32H563IIK6, STM32H563IIT3Q, STM32H563IIT6, STM32H563MIY3QTR, STM32H563RGT6, STM32H563RGV6, STM32H563RIT6, STM32H563RIV6, STM32H563VGT6, STM32H563VIT3Q, STM32H563VIT6, STM32H563ZGT6, STM32H563ZIT3Q, STM32H563ZIT6, STM32H573AII3Q, STM32H573AII6, STM32H573I-DK, STM32H573IIK3Q, STM32H573IIK6, STM32H573IIT3Q, STM32H573IIT6, STM32H573MIY3QTR, STM32H573RIT6, STM32H573RIV6, STM32H573VIT3Q, STM32H573VIT6, STM32H573ZIT3Q, STM32H573ZIT6, STM32H7R3A8I6, STM32H7R3I8K6, STM32H7R3I8T6, STM32H7R3L8H6, STM32H7R3L8H6H, STM32H7R3R8V6, STM32H7R3V8H6, STM32H7R3V8T6, STM32H7R3V8Y6TR, STM32H7R3Z8J6, STM32H7R3Z8T6, STM32H7R7A8I6, STM32H7R7I8K6, STM32H7R7I8T6, STM32H7R7L8H6, STM32H7R7L8H6H, STM32H7R7Z8J6, STM32H7S3A8I6, STM32H7S3I8K6, STM32H7S3I8T6, STM32H7S3L8H6, STM32H7S3L8H6H, STM32H7S3R8V6, STM32H7S3V8H6, STM32H7S3V8T6, STM32H7S3V8Y6TR, STM32H7S3Z8J6, STM32H7S3Z8T6, STM32H7S78-DK, STM32H7S7A8I6, STM32H7S7I8K6, STM32H7S7I8T6, STM32H7S7L8H6, STM32H7S7L8H6H, STM32H7S7Z8J6, STM32L4R5QGI6STR, STM32MP131AAE3, STM32MP131AAF3, STM32MP131AAG3, STM32MP131CAE3, STM32MP131CAF3, STM32MP131CAG3, STM32MP131DAE7, STM32MP131DAF7, STM32MP131DAG7, STM32MP131FAE7, STM32MP131FAF7, STM32MP131FAG7, STM32MP133AAE3, STM32MP133AAF3, STM32MP133AAG3, STM32MP133CAE3, STM32MP133CAF3, STM32MP133CAG3, STM32MP133DAE7, STM32MP133DAF7, STM32MP133DAG7, STM32MP133FAE7, STM32MP133FAF7, STM32MP133FAG7, STM32MP135AAE3, STM32MP135AAF3, STM32MP135AAG3, STM32MP135CAE3, STM32MP135CAF3, STM32MP135CAG3, STM32MP135DAE7, STM32MP135DAF7, STM32MP135DAG7, STM32MP135F-DK, STM32MP135FAE7, STM32MP135FAF7, STM32MP135FAF7T, STM32MP135FAF7U, STM32MP135FAG7, STM32MP251AAI3, STM32MP251AAK3, STM32MP251AAL3, STM32MP251CAI3, STM32MP251CAK3, STM32MP251CAL3, STM32MP251DAI3, STM32MP251DAK3, STM32MP251DAL3, STM32MP251FAI3, STM32MP251FAK3, STM32MP251FAL3, STM32MP253AAI3, STM32MP253AAK3, STM32MP253AAL3, STM32MP253CAI3, STM32MP253CAK3, STM32MP253CAL3, STM32MP253DAI3, STM32MP253DAK3, STM32MP253DAL3, STM32MP253FAI3, STM32MP253FAK3, STM32MP253FAL3, STM32MP255AAI3, STM32MP255AAK3, STM32MP255AAL3, STM32MP255CAI3, STM32MP255CAK3, STM32MP255CAL3, STM32MP255DAI3, STM32MP255DAK3, STM32MP255DAL3, STM32MP255FAI3, STM32MP255FAK3, STM32MP255FAL3, STM32MP257AAI3, STM32MP257AAK3, STM32MP257AAL3, STM32MP257CAI3, STM32MP257CAK3, STM32MP257CAL3, STM32MP257DAI3, STM32MP257DAK3, STM32MP257DAL3, STM32MP257F-DK, STM32MP257F-EV1, STM32MP257FAI3, STM32MP257FAK3, STM32MP257FAL3, STM32U031C6T6, STM32U031C6U6, STM32U031C8T6, STM32U031C8U6, STM32U031F4P6, STM32U031F6P6, STM32U031F8P6, STM32U031G6Y6TR, STM32U031G8Y6TR, STM32U031K4U6, STM32U031K6U6, STM32U031K8U6, STM32U031R6I6, STM32U031R6T6, STM32U031R8I6, STM32U031R8T6, STM32U073C8T6, STM32U073C8U6, STM32U073CBT6, STM32U073CBU6, STM32U073CCT6, STM32U073CCU6, STM32U073H8Y6TR, STM32U073HBY6TR, STM32U073HCY6TR, STM32U073K8U6, STM32U073KBU6, STM32U073KCU6, STM32U073M8I6, STM32U073M8T6, STM32U073MBI6, STM32U073MBT6, STM32U073MCI6, STM32U073MCT6, STM32U073R8I6, STM32U073R8T6, STM32U073RBI6, STM32U073RBT6, STM32U073RCI6, STM32U073RCT6, STM32U083C-DK, STM32U083CCT6, STM32U083CCU6, STM32U083HCY6TR, STM32U083KCU6, STM32U083MCI6, STM32U083MCT6, STM32U083RCI6, STM32U083RCT6, STM32U535CBT6, STM32U535CBT6Q, STM32U535CBU6, STM32U535CBU6Q, STM32U535CCT6, STM32U535CCT6Q, STM32U535CCU6, STM32U535CCU6Q, STM32U535CET6, STM32U535CET6Q, STM32U535CEU6, STM32U535CEU6Q, STM32U535JEY6QTR, STM32U535NCY6QTR, STM32U535NEY6QTR, STM32U535RBI6, STM32U535RBI6Q, STM32U535RBT6, STM32U535RBT6Q, STM32U535RCI6, STM32U535RCI6Q, STM32U535RCT6, STM32U535RCT6Q, STM32U535REI6, STM32U535REI6Q, STM32U535RET6, STM32U535RET6Q, STM32U535VCI6, STM32U535VCI6Q, STM32U535VCT6, STM32U535VCT6Q, STM32U535VEI6, STM32U535VEI6Q, STM32U535VET6, STM32U535VET6Q, STM32U545CET6, STM32U545CET6Q, STM32U545CEU6, STM32U545CEU6Q, STM32U545JEY6QTR, STM32U545NEY6QTR, STM32U545REI6, STM32U545REI6Q, STM32U545RET6, STM32U545RET6Q, STM32U545VEI6, STM32U545VEI6Q, STM32U545VET6, STM32U545VET6Q, STM32U595AIH6, STM32U595AIH6Q, STM32U595AJH6, STM32U595AJH6Q, STM32U595QII6, STM32U595QII6Q, STM32U595QJI6, STM32U595QJI6Q, STM32U595RIT6, STM32U595RIT6Q, STM32U595RJT6, STM32U595RJT6Q, STM32U595VIT6, STM32U595VIT6Q, STM32U595VJT6, STM32U595VJT6Q, STM32U595ZIT6, STM32U595ZIT6Q, STM32U595ZIY6QTR, STM32U595ZJT6, STM32U595ZJT6Q, STM32U595ZJY6QTR, STM32U599BJY6QTR, STM32U599NIH6Q, STM32U599NJH6Q, STM32U599VIT6Q, STM32U599VJT6, STM32U599VJT6Q, STM32U599ZIT6Q, STM32U599ZIY6QTR, STM32U599ZJT6Q, STM32U599ZJY6QTR, STM32U5A5AJH6, STM32U5A5AJH6Q, STM32U5A5QII3Q , STM32U5A5QJI6, STM32U5A5QJI6Q, STM32U5A5RJT6, STM32U5A5RJT6Q, STM32U5A5VJT6, STM32U5A5VJT6Q, STM32U5A5ZJT6, STM32U5A5ZJT6Q, STM32U5A5ZJY6QTR, STM32U5A9BJY6QTR, STM32U5A9J-DK, STM32U5A9NJH6Q, STM32U5A9VJT6Q, STM32U5A9ZJT6Q, STM32U5A9ZJY6QTR, STM32U5F7VIT6, STM32U5F7VIT6Q, STM32U5F7VJT6, STM32U5F7VJT6Q, STM32U5F9BJY6QTR, STM32U5F9NJH6Q, STM32U5F9VIT6Q, STM32U5F9VJT6Q, STM32U5F9ZIJ6QTR, STM32U5F9ZIT6Q, STM32U5F9ZJJ6QTR, STM32U5F9ZJT6Q, STM32U5G7VJT6, STM32U5G7VJT6Q, STM32U5G9BJY6QTR, STM32U5G9J-DK1, STM32U5G9J-DK2, STM32U5G9NJH6Q, STM32U5G9VJT6Q, STM32U5G9ZJJ6QTR, STM32U5G9ZJT6Q, STM32WB05KZV6TR, STM32WB05KZV7TR, STM32WB05TZF6TR, STM32WB05TZF7TR, STM32WB06CCF6TR, STM32WB06CCF7TR, STM32WB06CCV6TR, STM32WB06CCV7TR, STM32WB06KCV6TR, STM32WB06KCV7TR, STM32WB07CCF6TR, STM32WB07CCF7TR, STM32WB07CCV6TR, STM32WB07CCV7TR, STM32WB07KCV6TR, STM32WB07KCV7TR, STM32WB09KEV6TR, STM32WB09KEV7TR, STM32WB09TEF6TR, STM32WB09TEF7TR, STM32WB1MMCH6, STM32WBA50KGU6, STM32WBA50KGU6TR, STM32WBA52CEU6, STM32WBA52CEU6TR, STM32WBA52CEU7, STM32WBA52CEU7TR, STM32WBA52CGU6, STM32WBA52CGU6TR, STM32WBA52CGU6U, STM32WBA52CGU7, STM32WBA52CGU7TR, STM32WBA52KEU6, STM32WBA52KEU6TR, STM32WBA52KGU6, STM32WBA52KGU6TR, STM32WBA54CEU6, STM32WBA54CEU6TR, STM32WBA54CEU7, STM32WBA54CEU7TR, STM32WBA54CGU6, STM32WBA54CGU6TR, STM32WBA54CGU7, STM32WBA54CGU7TR, STM32WBA54KEU6, STM32WBA54KEU6TR, STM32WBA54KEU7, STM32WBA54KEU7TR, STM32WBA54KGU6, STM32WBA54KGU6TR, STM32WBA54KGU7, STM32WBA54KGU7TR, STM32WBA55CEU6, STM32WBA55CEU6TR, STM32WBA55CEU7, STM32WBA55CEU7TR, STM32WBA55CGU6, STM32WBA55CGU6TR, STM32WBA55CGU6U, STM32WBA55CGU7, STM32WBA55CGU7TR, STM32WBA55G-DK1, STM32WBA55HEF6, STM32WBA55HEF7, STM32WBA55HGF6, STM32WBA55HGF7, STM32WBA55UEI6, STM32WBA55UEI6TR, STM32WBA55UEI7, STM32WBA55UEI7TR, STM32WBA55UGI6, STM32WBA55UGI6TR, STM32WBA55UGI7, STM32WBA55UGI7TR, STM32WL5MOCH6, STM32WL5MOCH6TR]
2025-04-02 08:48:59,312 [INFO] ApiDb:668 - CubeFinder database Data Model version=2.1
2025-04-02 08:48:59,313 [INFO] ApiDb:669 - CubeFinder database Configuration version=3.0.39
2025-04-02 08:48:59,313 [INFO] ApiDb:670 - CubeFinder database generation date=2025-03-24 (1742811287)
2025-04-02 08:48:59,313 [INFO] ApiDb:671 - CubeFinder database FW Pack versions=[FP-ATR-ASTRA1_V2.0.0, FP-SNS-FLIGHT1_V5.0.2, FP-SNS-MOTENV1_V5.0.0, FP-SNS-MOTENVWB1_V1.4.0, FP-SNS-SMARTAG2_V1.2.0, FP-SNS-STBOX1_V2.0.0, STM32Cube_FW_C0_V1.4.0, STM32Cube_FW_F4_V1.28.1, STM32Cube_FW_F7_V1.17.2, STM32Cube_FW_G0_V1.6.2, STM32Cube_FW_G4_V1.6.1, STM32Cube_FW_H5_V1.5.0, STM32Cube_FW_H7RS_V1.2.0, STM32Cube_FW_H7_V1.12.1, STM32Cube_FW_L0_V1.12.2, STM32Cube_FW_L4_V1.18.1, STM32Cube_FW_L5_V1.5.1, STM32Cube_FW_N6_V1.1.0, STM32Cube_FW_U0_V1.2.0, STM32Cube_FW_U3_V1.1.0, STM32Cube_FW_U5_V1.7.0, STM32Cube_FW_WB0_V1.2.0, STM32Cube_FW_WBA_V1.6.0, STM32Cube_FW_WB_V1.22.0, STM32Cube_FW_WL3_V1.1.0, STM32Cube_FW_WL_V1.3.1, X-CUBE-ALGOBUILD_V1.4.0, X-CUBE-ALS_V1.0.2, X-CUBE-AZRTOS-F4_V1.1.0, X-CUBE-AZRTOS-F7_V1.1.0, X-CUBE-AZRTOS-G0_V1.1.0, X-CUBE-AZRTOS-G4_V2.0.0, X-CUBE-AZRTOS-H7RS_V1.0.0, X-CUBE-AZRTOS-H7_V3.3.0, X-CUBE-AZRTOS-L4_V2.0.0, X-CUBE-AZRTOS-L5_V2.0.0, X-CUBE-AZRTOS-WB_V2.0.0, X-CUBE-AZRTOS-WL_V2.0.0, X-CUBE-BLE1_V7.1.0, X-CUBE-BLE2_V3.3.0, X-CUBE-BLEMGR_V4.0.0, X-CUBE-EEPRMA1_V5.1.0, X-CUBE-FREERTOS_V1.3.0, X-CUBE-GNSS1_V6.0.0, X-CUBE-MEMS1_V11.1.0, X-CUBE-NFC4_V3.0.0, X-CUBE-NFC7_V1.0.1, X-CUBE-SFXS2LP1_V4.0.0, X-CUBE-SUBG2_V5.0.0, X-CUBE-TOF1_V3.4.2]
2025-04-02 08:49:01,036 [INFO] ApiDb:240 - Found 646 in-development CPN: [B-G473E-ZEST1S, B-WB1M-WPAN1, B-WL5M-SUBG1, NUCLEO-C031C6, NUCLEO-C071RB, NUCLEO-H503RB, NUCLEO-H533RE, NUCLEO-H563ZI, NUCLEO-H7S3L8, NUCLEO-U031R8, NUCLEO-U083RC, NUCLEO-U545RE-Q, NUCLEO-U5A5ZJ-Q, NUCLEO-WB05KZ, NUCLEO-WB07CC, NUCLEO-WB09KE, NUCLEO-WBA52CG, NUCLEO-WBA55CG, STEVAL-PROTEUS1, STEVAL-SMARTAG2, STEVAL-STWINBX1, STM320518-EVAL, STM32C0116-DK, STM32C011D6Y3TR, STM32C011D6Y6TR, STM32C011F4P3, STM32C011F4P6, STM32C011F4U3, STM32C011F4U6TR, STM32C011F6P3, STM32C011F6P6, STM32C011F6U3, STM32C011F6U6TR, STM32C011J4M3, STM32C011J4M6, STM32C011J6M3, STM32C011J6M6, STM32C0316-DK, STM32C031C4T3, STM32C031C4T6, STM32C031C4U3, STM32C031C4U6, STM32C031C6T3, STM32C031C6T6, STM32C031C6U3, STM32C031C6U6, STM32C031F4P3, STM32C031F4P6, STM32C031F6P3, STM32C031F6P6, STM32C031G4U3, STM32C031G4U6, STM32C031G6U3, STM32C031G6U6, STM32C031K4T3, STM32C031K4T6, STM32C031K4U3, STM32C031K4U6, STM32C031K6T3, STM32C031K6T6, STM32C031K6U3, STM32C031K6U6, STM32C071C8T6, STM32C071C8T6N, STM32C071C8U6, STM32C071C8U6N, STM32C071CBT6, STM32C071CBT6N, STM32C071CBU6, STM32C071CBU6N, STM32C071F8P6, STM32C071F8P6N, STM32C071FBP6, STM32C071FBP6N, STM32C071FBY6TR, STM32C071G8U6, STM32C071G8U6N, STM32C071GBU6, STM32C071GBU6N, STM32C071K8T6, STM32C071K8T6N, STM32C071K8U6, STM32C071K8U6N, STM32C071KBT6, STM32C071KBT6N, STM32C071KBU6, STM32C071KBU6N, STM32C071R8T6, STM32C071R8T6N, STM32C071RBI6N, STM32C071RBT6, STM32C071RBT6N, STM32G071K8TXN, STM32G071K8UXN, STM32G081GBU6N, STM32G081KBT6N, STM32G081KBUXN, STM32G0B1CCT6N, STM32G0B1KCT6, STM32G0B1NEY6TR, STM32G0B1RCT6N, STM32G0C1CCT6, STM32G0C1CCT6N, STM32G0C1CCU6N, STM32G0C1CET6N, STM32G0C1CEU6N, STM32G0C1KCT6, STM32G0C1NEY6TR, STM32G0C1RCI6N, STM32G0C1RCT6N, STM32G0C1REI6N, STM32G0C1RET6N, STM32G0C1VCI6, STM32G0C1VEI6, STM32G411C6T3, STM32G411C6T6, STM32G411C6U3, STM32G411C6U6, STM32G411C8T3, STM32G411C8T6, STM32G411C8U3, STM32G411C8U6, STM32G411CBT3, STM32G411CBT6, STM32G411CBU3, STM32G411CBU6, STM32G411K6T3, STM32G411K6T6, STM32G411K6U3, STM32G411K6U6, STM32G411K8T3, STM32G411K8T6, STM32G411K8U3, STM32G411K8U6, STM32G411KBT3, STM32G411KBT6, STM32G411KBU3, STM32G411KBU6, STM32G411M6T3, STM32G411M6T6, STM32G411M8T3, STM32G411M8T6, STM32G411MBT3, STM32G411MBT6, STM32G411R6T3, STM32G411R6T6, STM32G411R8T3, STM32G411R8T6, STM32G411RBT3, STM32G411RBT6, STM32G414CBT3, STM32G414CBT6, STM32G414CBU3, STM32G414CBU6, STM32G414CCT3, STM32G414CCT6, STM32G414CCU3, STM32G414CCU6, STM32G414MBT3, STM32G414MBT6, STM32G414MCT3, STM32G414MCT6, STM32G414RBT3, STM32G414RBT6, STM32G414RCT3, STM32G414RCT6, STM32G414VBT3, STM32G414VBT6, STM32G414VCT3, STM32G414VCT6, STM32G431CBT3Z, STM32G431RBT3Z, STM32G471CCT6, STM32G471CCU6, STM32G471CET3, STM32G471CET6, STM32G471CEU3, STM32G471CEU6, STM32G471MCT6, STM32G471MET3, STM32G471MET6, STM32G471MEY6TR, STM32G471QCT6, STM32G471QET3, STM32G471RCT6, STM32G471RET3, STM32G471RET6, STM32G471VCH6, STM32G471VCI6, STM32G471VCT6, STM32G471VEH3, STM32G471VEH6, STM32G471VEI3, STM32G471VEI6, STM32G471VET3, STM32G471VET6, STM32G473QET3Z, STM32G473RET3Z, STM32G474CCT6, STM32G491RET3Z, STM32H503CBT6, STM32H503CBU6, STM32H503EBY6TR, STM32H503KBU6, STM32H503RBT6, STM32H523CCT6, STM32H523CCU6, STM32H523CET6, STM32H523CEU6, STM32H523HEY6TR, STM32H523RCT6, STM32H523RET6, STM32H523VCI6, STM32H523VCT6, STM32H523VEI6, STM32H523VET6, STM32H523ZCJ6, STM32H523ZCT6, STM32H523ZEJ6, STM32H523ZET6, STM32H533CET6, STM32H533CEU6, STM32H533HEY6TR, STM32H533RET6, STM32H533VEI6, STM32H533VET6, STM32H533ZEJ6, STM32H533ZET6, STM32H562AGI6, STM32H562AII6, STM32H562IGK6, STM32H562IGT6, STM32H562IIK6, STM32H562IIT6, STM32H562RGT6, STM32H562RGV6, STM32H562RIT6, STM32H562RIV6, STM32H562VGT6, STM32H562VIT6, STM32H562ZGT6, STM32H562ZIT6, STM32H563AGI6, STM32H563AII3Q, STM32H563AII6, STM32H563IGK6, STM32H563IGT6, STM32H563IIK3Q, STM32H563IIK6, STM32H563IIT3Q, STM32H563IIT6, STM32H563MIY3QTR, STM32H563RGT6, STM32H563RGV6, STM32H563RIT6, STM32H563RIV6, STM32H563VGT6, STM32H563VIT3Q, STM32H563VIT6, STM32H563ZGT6, STM32H563ZIT3Q, STM32H563ZIT6, STM32H573AII3Q, STM32H573AII6, STM32H573I-DK, STM32H573IIK3Q, STM32H573IIK6, STM32H573IIT3Q, STM32H573IIT6, STM32H573MIY3QTR, STM32H573RIT6, STM32H573RIV6, STM32H573VIT3Q, STM32H573VIT6, STM32H573ZIT3Q, STM32H573ZIT6, STM32H7R3A8I6, STM32H7R3I8K6, STM32H7R3I8T6, STM32H7R3L8H6, STM32H7R3L8H6H, STM32H7R3R8V6, STM32H7R3V8H6, STM32H7R3V8T6, STM32H7R3V8Y6TR, STM32H7R3Z8J6, STM32H7R3Z8T6, STM32H7R7A8I6, STM32H7R7I8K6, STM32H7R7I8T6, STM32H7R7L8H6, STM32H7R7L8H6H, STM32H7R7Z8J6, STM32H7S3A8I6, STM32H7S3I8K6, STM32H7S3I8T6, STM32H7S3L8H6, STM32H7S3L8H6H, STM32H7S3R8V6, STM32H7S3V8H6, STM32H7S3V8T6, STM32H7S3V8Y6TR, STM32H7S3Z8J6, STM32H7S3Z8T6, STM32H7S78-DK, STM32H7S7A8I6, STM32H7S7I8K6, STM32H7S7I8T6, STM32H7S7L8H6, STM32H7S7L8H6H, STM32H7S7Z8J6, STM32L4R5QGI6STR, STM32MP131AAE3, STM32MP131AAF3, STM32MP131AAG3, STM32MP131CAE3, STM32MP131CAF3, STM32MP131CAG3, STM32MP131DAE7, STM32MP131DAF7, STM32MP131DAG7, STM32MP131FAE7, STM32MP131FAF7, STM32MP131FAG7, STM32MP133AAE3, STM32MP133AAF3, STM32MP133AAG3, STM32MP133CAE3, STM32MP133CAF3, STM32MP133CAG3, STM32MP133DAE7, STM32MP133DAF7, STM32MP133DAG7, STM32MP133FAE7, STM32MP133FAF7, STM32MP133FAG7, STM32MP135AAE3, STM32MP135AAF3, STM32MP135AAG3, STM32MP135CAE3, STM32MP135CAF3, STM32MP135CAG3, STM32MP135DAE7, STM32MP135DAF7, STM32MP135DAG7, STM32MP135F-DK, STM32MP135FAE7, STM32MP135FAF7, STM32MP135FAF7T, STM32MP135FAF7U, STM32MP135FAG7, STM32MP251AAI3, STM32MP251AAK3, STM32MP251AAL3, STM32MP251CAI3, STM32MP251CAK3, STM32MP251CAL3, STM32MP251DAI3, STM32MP251DAK3, STM32MP251DAL3, STM32MP251FAI3, STM32MP251FAK3, STM32MP251FAL3, STM32MP253AAI3, STM32MP253AAK3, STM32MP253AAL3, STM32MP253CAI3, STM32MP253CAK3, STM32MP253CAL3, STM32MP253DAI3, STM32MP253DAK3, STM32MP253DAL3, STM32MP253FAI3, STM32MP253FAK3, STM32MP253FAL3, STM32MP255AAI3, STM32MP255AAK3, STM32MP255AAL3, STM32MP255CAI3, STM32MP255CAK3, STM32MP255CAL3, STM32MP255DAI3, STM32MP255DAK3, STM32MP255DAL3, STM32MP255FAI3, STM32MP255FAK3, STM32MP255FAL3, STM32MP257AAI3, STM32MP257AAK3, STM32MP257AAL3, STM32MP257CAI3, STM32MP257CAK3, STM32MP257CAL3, STM32MP257DAI3, STM32MP257DAK3, STM32MP257DAL3, STM32MP257F-DK, STM32MP257F-EV1, STM32MP257FAI3, STM32MP257FAK3, STM32MP257FAL3, STM32U031C6T6, STM32U031C6U6, STM32U031C8T6, STM32U031C8U6, STM32U031F4P6, STM32U031F6P6, STM32U031F8P6, STM32U031G6Y6TR, STM32U031G8Y6TR, STM32U031K4U6, STM32U031K6U6, STM32U031K8U6, STM32U031R6I6, STM32U031R6T6, STM32U031R8I6, STM32U031R8T6, STM32U073C8T6, STM32U073C8U6, STM32U073CBT6, STM32U073CBU6, STM32U073CCT6, STM32U073CCU6, STM32U073H8Y6TR, STM32U073HBY6TR, STM32U073HCY6TR, STM32U073K8U6, STM32U073KBU6, STM32U073KCU6, STM32U073M8I6, STM32U073M8T6, STM32U073MBI6, STM32U073MBT6, STM32U073MCI6, STM32U073MCT6, STM32U073R8I6, STM32U073R8T6, STM32U073RBI6, STM32U073RBT6, STM32U073RCI6, STM32U073RCT6, STM32U083C-DK, STM32U083CCT6, STM32U083CCU6, STM32U083HCY6TR, STM32U083KCU6, STM32U083MCI6, STM32U083MCT6, STM32U083RCI6, STM32U083RCT6, STM32U535CBT6, STM32U535CBT6Q, STM32U535CBU6, STM32U535CBU6Q, STM32U535CCT6, STM32U535CCT6Q, STM32U535CCU6, STM32U535CCU6Q, STM32U535CET6, STM32U535CET6Q, STM32U535CEU6, STM32U535CEU6Q, STM32U535JEY6QTR, STM32U535NCY6QTR, STM32U535NEY6QTR, STM32U535RBI6, STM32U535RBI6Q, STM32U535RBT6, STM32U535RBT6Q, STM32U535RCI6, STM32U535RCI6Q, STM32U535RCT6, STM32U535RCT6Q, STM32U535REI6, STM32U535REI6Q, STM32U535RET6, STM32U535RET6Q, STM32U535VCI6, STM32U535VCI6Q, STM32U535VCT6, STM32U535VCT6Q, STM32U535VEI6, STM32U535VEI6Q, STM32U535VET6, STM32U535VET6Q, STM32U545CET6, STM32U545CET6Q, STM32U545CEU6, STM32U545CEU6Q, STM32U545JEY6QTR, STM32U545NEY6QTR, STM32U545REI6, STM32U545REI6Q, STM32U545RET6, STM32U545RET6Q, STM32U545VEI6, STM32U545VEI6Q, STM32U545VET6, STM32U545VET6Q, STM32U595AIH6, STM32U595AIH6Q, STM32U595AJH6, STM32U595AJH6Q, STM32U595QII6, STM32U595QII6Q, STM32U595QJI6, STM32U595QJI6Q, STM32U595RIT6, STM32U595RIT6Q, STM32U595RJT6, STM32U595RJT6Q, STM32U595VIT6, STM32U595VIT6Q, STM32U595VJT6, STM32U595VJT6Q, STM32U595ZIT6, STM32U595ZIT6Q, STM32U595ZIY6QTR, STM32U595ZJT6, STM32U595ZJT6Q, STM32U595ZJY6QTR, STM32U599BJY6QTR, STM32U599NIH6Q, STM32U599NJH6Q, STM32U599VIT6Q, STM32U599VJT6, STM32U599VJT6Q, STM32U599ZIT6Q, STM32U599ZIY6QTR, STM32U599ZJT6Q, STM32U599ZJY6QTR, STM32U5A5AJH6, STM32U5A5AJH6Q, STM32U5A5QII3Q , STM32U5A5QJI6, STM32U5A5QJI6Q, STM32U5A5RJT6, STM32U5A5RJT6Q, STM32U5A5VJT6, STM32U5A5VJT6Q, STM32U5A5ZJT6, STM32U5A5ZJT6Q, STM32U5A5ZJY6QTR, STM32U5A9BJY6QTR, STM32U5A9J-DK, STM32U5A9NJH6Q, STM32U5A9VJT6Q, STM32U5A9ZJT6Q, STM32U5A9ZJY6QTR, STM32U5F7VIT6, STM32U5F7VIT6Q, STM32U5F7VJT6, STM32U5F7VJT6Q, STM32U5F9BJY6QTR, STM32U5F9NJH6Q, STM32U5F9VIT6Q, STM32U5F9VJT6Q, STM32U5F9ZIJ6QTR, STM32U5F9ZIT6Q, STM32U5F9ZJJ6QTR, STM32U5F9ZJT6Q, STM32U5G7VJT6, STM32U5G7VJT6Q, STM32U5G9BJY6QTR, STM32U5G9J-DK1, STM32U5G9J-DK2, STM32U5G9NJH6Q, STM32U5G9VJT6Q, STM32U5G9ZJJ6QTR, STM32U5G9ZJT6Q, STM32WB05KZV6TR, STM32WB05KZV7TR, STM32WB05TZF6TR, STM32WB05TZF7TR, STM32WB06CCF6TR, STM32WB06CCF7TR, STM32WB06CCV6TR, STM32WB06CCV7TR, STM32WB06KCV6TR, STM32WB06KCV7TR, STM32WB07CCF6TR, STM32WB07CCF7TR, STM32WB07CCV6TR, STM32WB07CCV7TR, STM32WB07KCV6TR, STM32WB07KCV7TR, STM32WB09KEV6TR, STM32WB09KEV7TR, STM32WB09TEF6TR, STM32WB09TEF7TR, STM32WB1MMCH6, STM32WBA50KGU6, STM32WBA50KGU6TR, STM32WBA52CEU6, STM32WBA52CEU6TR, STM32WBA52CEU7, STM32WBA52CEU7TR, STM32WBA52CGU6, STM32WBA52CGU6TR, STM32WBA52CGU6U, STM32WBA52CGU7, STM32WBA52CGU7TR, STM32WBA52KEU6, STM32WBA52KEU6TR, STM32WBA52KGU6, STM32WBA52KGU6TR, STM32WBA54CEU6, STM32WBA54CEU6TR, STM32WBA54CEU7, STM32WBA54CEU7TR, STM32WBA54CGU6, STM32WBA54CGU6TR, STM32WBA54CGU7, STM32WBA54CGU7TR, STM32WBA54KEU6, STM32WBA54KEU6TR, STM32WBA54KEU7, STM32WBA54KEU7TR, STM32WBA54KGU6, STM32WBA54KGU6TR, STM32WBA54KGU7, STM32WBA54KGU7TR, STM32WBA55CEU6, STM32WBA55CEU6TR, STM32WBA55CEU7, STM32WBA55CEU7TR, STM32WBA55CGU6, STM32WBA55CGU6TR, STM32WBA55CGU6U, STM32WBA55CGU7, STM32WBA55CGU7TR, STM32WBA55G-DK1, STM32WBA55HEF6, STM32WBA55HEF7, STM32WBA55HGF6, STM32WBA55HGF7, STM32WBA55UEI6, STM32WBA55UEI6TR, STM32WBA55UEI7, STM32WBA55UEI7TR, STM32WBA55UGI6, STM32WBA55UGI6TR, STM32WBA55UGI7, STM32WBA55UGI7TR, STM32WL5MOCH6, STM32WL5MOCH6TR]
2025-04-02 08:49:01,039 [INFO] DbMcus:218 - Found 4657 MCUs, 4657 are supported
2025-04-02 08:49:01,043 [INFO] ApiDb:423 - Load user favorites file C:\Users\LeeJooHo/.stm32cubeide/favorites.mcus.txt: 5 item(s)
2025-04-02 08:49:01,044 [INFO] ApiDb:427 - User favorites MCUs=[STM32F103C8T6, STM32F405RGT6, STM32F407VET6, STM32F429IGT6, STM32F446RET6]
2025-04-02 08:49:01,044 [INFO] DbMcus:224 - Set 5 / 5 favorites MCUs
2025-04-02 08:49:01,357 [INFO] BoardInfo:889 - No configuration file found for board NUCLEO-C051C8
2025-04-02 08:49:01,357 [INFO] DbBoards:161 - Board is not supported: NUCLEO-C051C8
2025-04-02 08:49:01,359 [INFO] BoardInfo:889 - No configuration file found for board NUCLEO-C092RC
2025-04-02 08:49:01,360 [INFO] DbBoards:161 - Board is not supported: NUCLEO-C092RC
2025-04-02 08:49:01,438 [INFO] BoardInfo:889 - No configuration file found for board NUCLEO-N657X0-Q
2025-04-02 08:49:01,439 [INFO] DbBoards:161 - Board is not supported: NUCLEO-N657X0-Q
2025-04-02 08:49:01,442 [INFO] BoardInfo:889 - No configuration file found for board NUCLEO-U385RG-Q
2025-04-02 08:49:01,442 [INFO] DbBoards:161 - Board is not supported: NUCLEO-U385RG-Q
2025-04-02 08:49:01,455 [INFO] BoardInfo:889 - No configuration file found for board NUCLEO-WBA65RI
2025-04-02 08:49:01,455 [INFO] DbBoards:161 - Board is not supported: NUCLEO-WBA65RI
2025-04-02 08:49:01,456 [INFO] BoardInfo:889 - No configuration file found for board NUCLEO-WL33CC1
2025-04-02 08:49:01,457 [INFO] DbBoards:161 - Board is not supported: NUCLEO-WL33CC1
2025-04-02 08:49:01,457 [INFO] BoardInfo:889 - No configuration file found for board NUCLEO-WL33CC2
2025-04-02 08:49:01,458 [INFO] DbBoards:161 - Board is not supported: NUCLEO-WL33CC2
2025-04-02 08:49:01,464 [INFO] BoardInfo:889 - No configuration file found for board P-NUCLEO-WB55
2025-04-02 08:49:01,464 [INFO] DbBoards:161 - Kit is not supported: P-NUCLEO-WB55
2025-04-02 08:49:01,468 [INFO] BoardInfo:889 - No configuration file found for board STEVAL-BFA001V1B
2025-04-02 08:49:01,468 [INFO] DbBoards:161 - Kit is not supported: STEVAL-BFA001V1B
2025-04-02 08:49:01,469 [INFO] BoardInfo:889 - No configuration file found for board STEVAL-BFA001V2B
2025-04-02 08:49:01,470 [INFO] DbBoards:161 - Kit is not supported: STEVAL-BFA001V2B
2025-04-02 08:49:01,584 [INFO] BoardInfo:889 - No configuration file found for board STM32N6570-DK
2025-04-02 08:49:01,584 [INFO] DbBoards:161 - Board is not supported: STM32N6570-DK
2025-04-02 08:49:01,595 [INFO] BoardInfo:889 - No configuration file found for board STM32WBA65I-DK1
2025-04-02 08:49:01,595 [INFO] DbBoards:161 - Board is not supported: STM32WBA65I-DK1
2025-04-02 08:49:01,595 [INFO] DbBoards:168 - Found 210 boards, 198 are supported
2025-04-02 08:49:01,595 [INFO] DbBoards:169 - Found 210 boards, 25 of them is supported for  Bsp
2025-04-02 08:49:01,597 [INFO] ApiDb:423 - Load user favorites file C:\Users\LeeJooHo/.stm32cubeide/favorites.boards.txt: 0 item(s)
2025-04-02 08:49:01,597 [INFO] ApiDb:427 - User favorites Boards=[]
2025-04-02 08:49:01,597 [INFO] DbBoards:198 - Set 0 / 0 favorites Boards
2025-04-02 08:49:01,655 [INFO] UtilMem:75 - End LoadConfig() Used Memory: 810811552 Bytes (1073741824)
2025-04-02 08:49:01,772 [WARN] ThirdParty:833 - waiting for thirdparty lock release [change project]
2025-04-02 08:49:01,772 [INFO] ThirdParty:835 - entering critical section [change project]
2025-04-02 08:49:01,772 [INFO] ThirdParty:1030 - CMSIS Pack Vendor :STMicroelectronics USBPD 4.1
2025-04-02 08:49:01,772 [INFO] ThirdParty:1030 - CMSIS Pack Vendor :STMicroelectronics X-CUBE-AZRTOS-H7 3.3.0
2025-04-02 08:49:01,772 [INFO] ThirdParty:1030 - CMSIS Pack Vendor :STMicroelectronics X-CUBE-NFC9 1.0.0
2025-04-02 08:49:01,772 [INFO] ThirdParty:1030 - CMSIS Pack Vendor :STMicroelectronics USB_HOST 2.0.0
2025-04-02 08:49:01,772 [INFO] ThirdParty:1030 - CMSIS Pack Vendor :STMicroelectronics FP-SNS-MOTENVWB1 1.4.0
2025-04-02 08:49:01,772 [INFO] ThirdParty:1030 - CMSIS Pack Vendor :STMicroelectronics X-CUBE-AZRTOS-F4 1.1.0
2025-04-02 08:49:01,772 [INFO] ThirdParty:1030 - CMSIS Pack Vendor :STMicroelectronics LIBJPEG 8.0.0
2025-04-02 08:49:01,772 [INFO] ThirdParty:1030 - CMSIS Pack Vendor :STMicroelectronics FP-ATR-ASTRA1 2.0.2
2025-04-02 08:49:01,772 [INFO] ThirdParty:1030 - CMSIS Pack Vendor :STMicroelectronics FP-ATR-ASTRA1 2.0.1
2025-04-02 08:49:01,772 [INFO] ThirdParty:1030 - CMSIS Pack Vendor :STMicroelectronics X-CUBE-BLE1 7.1.0
2025-04-02 08:49:01,772 [INFO] ThirdParty:1030 - CMSIS Pack Vendor :STMicroelectronics X-CUBE-SMBUS 2.1.0
2025-04-02 08:49:01,772 [INFO] ThirdParty:1030 - CMSIS Pack Vendor :STMicroelectronics X-CUBE-WB05N 1.1.0
2025-04-02 08:49:01,772 [INFO] ThirdParty:1030 - CMSIS Pack Vendor :wolfSSL I-CUBE-wolfMQTT 1.19.2
2025-04-02 08:49:01,772 [INFO] ThirdParty:1030 - CMSIS Pack Vendor :STMicroelectronics USB_DEVICE 3.0.0
2025-04-02 08:49:01,772 [INFO] ThirdParty:1030 - CMSIS Pack Vendor :STMicroelectronics X-CUBE-TCPP 4.1.0
2025-04-02 08:49:01,773 [INFO] ThirdParty:1030 - CMSIS Pack Vendor :STMicroelectronics X-CUBE-ISPU 2.1.0
2025-04-02 08:49:01,773 [INFO] ThirdParty:1030 - CMSIS Pack Vendor :STMicroelectronics X-CUBE-FREERTOS 1.2.0
2025-04-02 08:49:01,773 [INFO] ThirdParty:1030 - CMSIS Pack Vendor :STMicroelectronics X-CUBE-IPS 3.0.0
2025-04-02 08:49:01,773 [INFO] ThirdParty:1030 - CMSIS Pack Vendor :STMicroelectronics X-CUBE-AZRTOS-WB 2.0.0
2025-04-02 08:49:01,773 [INFO] ThirdParty:1030 - CMSIS Pack Vendor :STMicroelectronics X-CUBE-GNSS1 7.0.0
2025-04-02 08:49:01,773 [INFO] ThirdParty:1030 - CMSIS Pack Vendor :STMicroelectronics X-CUBE-GNSS1 7.0.1
2025-04-02 08:49:01,773 [INFO] ThirdParty:1030 - CMSIS Pack Vendor :STMicroelectronics X-CUBE-AZRTOS-F7 1.1.0
2025-04-02 08:49:01,773 [INFO] ThirdParty:1030 - CMSIS Pack Vendor :STMicroelectronics X-CUBE-AZRTOS-L5 2.0.0
2025-04-02 08:49:01,773 [INFO] ThirdParty:1030 - CMSIS Pack Vendor :STMicroelectronics X-CUBE-TOUCHGFX 4.25.0
2025-04-02 08:49:01,773 [INFO] ThirdParty:1030 - CMSIS Pack Vendor :STMicroelectronics USB_DEVICE 2.0.0
2025-04-02 08:49:01,773 [INFO] ThirdParty:1030 - CMSIS Pack Vendor :STMicroelectronics X-CUBE-NFC6 3.1.0
2025-04-02 08:49:01,773 [INFO] ThirdParty:1030 - CMSIS Pack Vendor :STMicroelectronics FP-SNS-STBOX1 2.0.0
2025-04-02 08:49:01,773 [INFO] ThirdParty:1030 - CMSIS Pack Vendor :STMicroelectronics X-CUBE-MEMS1 11.0.0
2025-04-02 08:49:01,773 [INFO] ThirdParty:1030 - CMSIS Pack Vendor :STMicroelectronics FreeRTOS 0.0.1
2025-04-02 08:49:01,773 [INFO] ThirdParty:1030 - CMSIS Pack Vendor :STMicroelectronics X-CUBE-AZRTOS-G0 1.1.0
2025-04-02 08:49:01,773 [INFO] ThirdParty:1030 - CMSIS Pack Vendor :STMicroelectronics X-CUBE-SAFEA1 1.2.2
2025-04-02 08:49:01,773 [INFO] ThirdParty:1030 - CMSIS Pack Vendor :STMicroelectronics X-CUBE-NFC4 3.0.0
2025-04-02 08:49:01,773 [INFO] ThirdParty:1030 - CMSIS Pack Vendor :STMicroelectronics X-CUBE-DPower 1.2.0
2025-04-02 08:49:01,773 [INFO] ThirdParty:1030 - CMSIS Pack Vendor :STMicroelectronics X-CUBE-SUBG2 5.0.0
2025-04-02 08:49:01,773 [INFO] ThirdParty:1030 - CMSIS Pack Vendor :STMicroelectronics X-CUBE-AZRTOS-H7RS 1.1.0
2025-04-02 08:49:01,773 [INFO] ThirdParty:1030 - CMSIS Pack Vendor :STMicroelectronics STM32_WPAN 1.0.0
2025-04-02 08:49:01,773 [INFO] ThirdParty:1030 - CMSIS Pack Vendor :EmbeddedOffice I-CUBE-FS-RTOS 1.0.1
2025-04-02 08:49:01,774 [INFO] ThirdParty:1030 - CMSIS Pack Vendor :STMicroelectronics lwIP 2.0.3
2025-04-02 08:49:01,774 [INFO] ThirdParty:1030 - CMSIS Pack Vendor :STMicroelectronics FP-SNS-FLIGHT1 5.0.2
2025-04-02 08:49:01,774 [INFO] ThirdParty:1030 - CMSIS Pack Vendor :Cesanta I-CUBE-Mongoose 7.13.0
2025-04-02 08:49:01,774 [INFO] ThirdParty:1030 - CMSIS Pack Vendor :STMicroelectronics USB_HOST 1.0.0
2025-04-02 08:49:01,774 [INFO] ThirdParty:1030 - CMSIS Pack Vendor :Infineon AIROC-Wi-Fi-Bluetooth-STM32 1.7.0
2025-04-02 08:49:01,774 [INFO] ThirdParty:1030 - CMSIS Pack Vendor :STMicroelectronics X-CUBE-AZRTOS-G4 2.0.0
2025-04-02 08:49:01,774 [INFO] ThirdParty:1030 - CMSIS Pack Vendor :STMicroelectronics PDM2PCM 3.1.0
2025-04-02 08:49:01,774 [INFO] ThirdParty:1030 - CMSIS Pack Vendor :STMicroelectronics PDM2PCM 3.3.0
2025-04-02 08:49:01,774 [INFO] ThirdParty:1030 - CMSIS Pack Vendor :wolfSSL I-CUBE-wolfTPM 3.8.0
2025-04-02 08:49:01,774 [INFO] ThirdParty:1030 - CMSIS Pack Vendor :STMicroelectronics X-CUBE-DISPLAY 3.0.0
2025-04-02 08:49:01,774 [INFO] ThirdParty:1030 - CMSIS Pack Vendor :wolfSSL I-CUBE-wolfSSH 1.4.20
2025-04-02 08:49:01,774 [INFO] ThirdParty:1030 - CMSIS Pack Vendor :RealThread X-CUBE-RT-Thread_Nano 4.1.1
2025-04-02 08:49:01,774 [INFO] ThirdParty:1030 - CMSIS Pack Vendor :STMicroelectronics X-CUBE-BLE1 7.0.0
2025-04-02 08:49:01,774 [INFO] ThirdParty:1030 - CMSIS Pack Vendor :STMicroelectronics FP-ATR-SIGFOX1 3.2.0
2025-04-02 08:49:01,774 [INFO] ThirdParty:1030 - CMSIS Pack Vendor :STMicroelectronics X-CUBE-NFC10 1.0.0
2025-04-02 08:49:01,774 [INFO] ThirdParty:1030 - CMSIS Pack Vendor :wolfSSL I-CUBE-wolfSSL 5.7.2
2025-04-02 08:49:01,774 [INFO] ThirdParty:1030 - CMSIS Pack Vendor :quantropi X-CUBE-qispace-sdk-base 1.9.3
2025-04-02 08:49:01,774 [INFO] ThirdParty:1030 - CMSIS Pack Vendor :STMicroelectronics X-CUBE-BLEMGR 4.0.0
2025-04-02 08:49:01,774 [INFO] ThirdParty:1030 - CMSIS Pack Vendor :STMicroelectronics X-CUBE-EEPRMA1 5.1.0
2025-04-02 08:49:01,774 [INFO] ThirdParty:1030 - CMSIS Pack Vendor :STMicroelectronics HAL Drivers 0.0.0
2025-04-02 08:49:01,774 [INFO] ThirdParty:1030 - CMSIS Pack Vendor :STMicroelectronics MBEDTLS 2.16.2
2025-04-02 08:49:01,774 [INFO] ThirdParty:1030 - CMSIS Pack Vendor :STMicroelectronics X-CUBE-ALS 1.0.2
2025-04-02 08:49:01,774 [INFO] ThirdParty:1030 - CMSIS Pack Vendor :emotas I-CUBE-CANOPEN 1.3.0
2025-04-02 08:49:01,775 [INFO] ThirdParty:1030 - CMSIS Pack Vendor :STMicroelectronics X-CUBE-FREERTOS 1.3.0
2025-04-02 08:49:01,775 [INFO] ThirdParty:1030 - CMSIS Pack Vendor :STMicroelectronics X-CUBE-NFC7 1.0.1
2025-04-02 08:49:01,775 [INFO] ThirdParty:1030 - CMSIS Pack Vendor :STMicroelectronics MBEDTLS 2.14.1
2025-04-02 08:49:01,775 [INFO] ThirdParty:1030 - CMSIS Pack Vendor :wolfSSL I-CUBE-wolfSSL 5.7.6
2025-04-02 08:49:01,775 [INFO] ThirdParty:1030 - CMSIS Pack Vendor :ITTIA_DB I-CUBE-ITTIADB 8.9.0
2025-04-02 08:49:01,775 [INFO] ThirdParty:1030 - CMSIS Pack Vendor :STMicroelectronics X-CUBE-TOUCHGFX 4.24.2
2025-04-02 08:49:01,775 [INFO] ThirdParty:1030 - CMSIS Pack Vendor :STMicroelectronics X-CUBE-TOUCHGFX 4.24.1
2025-04-02 08:49:01,775 [INFO] ThirdParty:1030 - CMSIS Pack Vendor :wolfSSL I-CUBE-wolfTPM 3.4.0
2025-04-02 08:49:01,775 [INFO] ThirdParty:1030 - CMSIS Pack Vendor :portGmbH I-Cube-SoM-uGOAL 1.1.0
2025-04-02 08:49:01,775 [INFO] ThirdParty:1030 - CMSIS Pack Vendor :quantropi X-CUBE-qispace-sdk-base 2.0.0
2025-04-02 08:49:01,775 [INFO] ThirdParty:1030 - CMSIS Pack Vendor :STMicroelectronics X-CUBE-BLEMGR 3.1.0
2025-04-02 08:49:01,775 [INFO] ThirdParty:1030 - CMSIS Pack Vendor :STMicroelectronics X-CUBE-AI 10.0.0
2025-04-02 08:49:01,775 [INFO] ThirdParty:1030 - CMSIS Pack Vendor :STMicroelectronics ThreadX 1.0.0
2025-04-02 08:49:01,775 [INFO] ThirdParty:1030 - CMSIS Pack Vendor :STMicroelectronics FP-SNS-SMARTAG2 1.2.0
2025-04-02 08:49:01,775 [INFO] ThirdParty:1030 - CMSIS Pack Vendor :STMicroelectronics X-CUBE-MEMS1 11.1.0
2025-04-02 08:49:01,775 [INFO] ThirdParty:1030 - CMSIS Pack Vendor :STMicroelectronics X-CUBE-AZRTOS-WL 2.0.0
2025-04-02 08:49:01,775 [INFO] ThirdParty:1030 - CMSIS Pack Vendor :SEGGER I-CUBE-embOS 1.3.1
2025-04-02 08:49:01,775 [INFO] ThirdParty:1030 - CMSIS Pack Vendor :STMicroelectronics X-CUBE-ALGOBUILD 1.4.0
2025-04-02 08:49:01,775 [INFO] ThirdParty:1030 - CMSIS Pack Vendor :STMicroelectronics X-CUBE-DPower 1.3.0
2025-04-02 08:49:01,775 [INFO] ThirdParty:1030 - CMSIS Pack Vendor :STMicroelectronics FP-SNS-MOTENV1 5.0.0
2025-04-02 08:49:01,775 [INFO] ThirdParty:1030 - CMSIS Pack Vendor :STMicroelectronics USB_DEVICE 1.0.0
2025-04-02 08:49:01,775 [INFO] ThirdParty:1030 - CMSIS Pack Vendor :STMicroelectronics X-CUBE-AZRTOS-H7RS 1.0.0
2025-04-02 08:49:01,775 [INFO] ThirdParty:1030 - CMSIS Pack Vendor :wolfSSL I-CUBE-wolfMQTT 1.19.0
2025-04-02 08:49:01,775 [INFO] ThirdParty:1030 - CMSIS Pack Vendor :STMicroelectronics X-CUBE-AZRTOS-L4 2.0.0
2025-04-02 08:49:01,775 [INFO] ThirdParty:1030 - CMSIS Pack Vendor :STMicroelectronics ThreadX 0.0.2
2025-04-02 08:49:01,775 [INFO] ThirdParty:1030 - CMSIS Pack Vendor :WES I-CUBE-Cesium 1.3.0
2025-04-02 08:49:01,775 [INFO] ThirdParty:1030 - CMSIS Pack Vendor :STMicroelectronics FP-ATR-ASTRA1 2.0.0
2025-04-02 08:49:01,775 [INFO] ThirdParty:1030 - CMSIS Pack Vendor :STMicroelectronics lwIP 2.1.2
2025-04-02 08:49:01,775 [INFO] ThirdParty:1030 - CMSIS Pack Vendor :STMicroelectronics X-CUBE-SFXS2LP1 4.0.0
2025-04-02 08:49:01,776 [INFO] ThirdParty:1030 - CMSIS Pack Vendor :STMicroelectronics X-CUBE-BLE2 3.3.0
2025-04-02 08:49:01,776 [INFO] ThirdParty:1030 - CMSIS Pack Vendor :STMicroelectronics X-CUBE-TOF1 3.4.2
2025-04-02 08:49:01,776 [INFO] ThirdParty:1030 - CMSIS Pack Vendor :STMicroelectronics X-CUBE-AI 9.1.0
2025-04-02 08:49:01,776 [INFO] ThirdParty:1030 - CMSIS Pack Vendor :Infineon AIROC-Wi-Fi-Bluetooth-STM32 1.6.1
2025-04-02 08:49:01,776 [INFO] ThirdParty:1030 - CMSIS Pack Vendor :STMicroelectronics PDM2PCM 3.2.0
2025-04-02 08:49:01,776 [INFO] ThirdParty:1030 - CMSIS Pack Vendor :wolfSSL I-CUBE-wolfSSH 1.4.17
2025-04-02 08:49:01,776 [INFO] ThirdParty:841 - exiting critical section [change project]
2025-04-02 08:49:02,085 [INFO] PinOutPanel:1561 - setPackage(No Configuration,No Configuration)
2025-04-02 08:49:02,086 [INFO] PinOutPanel:1561 - setPackage(STM32F407VETx,LQFP100)
2025-04-02 08:49:02,383 [INFO] UtilMem:75 - Before build in PCC Used Memory: 820257520 Bytes (1073741824)
2025-04-02 08:49:02,965 [INFO] UtilMem:75 - After build in PCC Used Memory: 898961328 Bytes (1073741824)
2025-04-02 08:49:02,997 [INFO] IPUIPlugin:80 - create IPUIPlugin
2025-04-02 08:49:02,997 [INFO] IPUIPlugin:80 - create IPUIPlugin
2025-04-02 08:49:02,997 [INFO] IPUIPlugin:80 - create IPUIPlugin
2025-04-02 08:49:02,997 [INFO] IPUIPlugin:80 - create IPUIPlugin
2025-04-02 08:49:02,997 [INFO] IPUIPlugin:80 - create IPUIPlugin
2025-04-02 08:49:02,997 [INFO] IPUIPlugin:80 - create IPUIPlugin
2025-04-02 08:49:02,997 [INFO] IPUIPlugin:80 - create IPUIPlugin
2025-04-02 08:49:02,997 [INFO] IPUIPlugin:80 - create IPUIPlugin
2025-04-02 08:49:02,997 [INFO] IPUIPlugin:80 - create IPUIPlugin
2025-04-02 08:49:02,997 [INFO] IPUIPlugin:80 - create IPUIPlugin
2025-04-02 08:49:02,998 [INFO] IPUIPlugin:80 - create IPUIPlugin
2025-04-02 08:49:02,998 [INFO] IPUIPlugin:80 - create IPUIPlugin
2025-04-02 08:49:02,998 [INFO] IPUIPlugin:80 - create IPUIPlugin
2025-04-02 08:49:02,998 [INFO] IPUIPlugin:80 - create IPUIPlugin
2025-04-02 08:49:02,998 [INFO] IPUIPlugin:80 - create IPUIPlugin
2025-04-02 08:49:02,998 [INFO] IPUIPlugin:80 - create IPUIPlugin
2025-04-02 08:49:02,998 [INFO] IPUIPlugin:80 - create IPUIPlugin
2025-04-02 08:49:02,998 [INFO] IPUIPlugin:80 - create IPUIPlugin
2025-04-02 08:49:02,998 [INFO] IPUIPlugin:80 - create IPUIPlugin
2025-04-02 08:49:02,998 [INFO] IPUIPlugin:80 - create IPUIPlugin
2025-04-02 08:49:02,998 [INFO] IPUIPlugin:80 - create IPUIPlugin
2025-04-02 08:49:02,999 [INFO] IPUIPlugin:80 - create IPUIPlugin
2025-04-02 08:49:02,999 [INFO] IPUIPlugin:80 - create IPUIPlugin
2025-04-02 08:49:02,999 [INFO] IPUIPlugin:80 - create IPUIPlugin
2025-04-02 08:49:02,999 [INFO] IPUIPlugin:80 - create IPUIPlugin
2025-04-02 08:49:02,999 [INFO] IPUIPlugin:80 - create IPUIPlugin
2025-04-02 08:49:02,999 [INFO] IPUIPlugin:80 - create IPUIPlugin
2025-04-02 08:49:02,999 [INFO] IPUIPlugin:80 - create IPUIPlugin
2025-04-02 08:49:03,000 [INFO] IPUIPlugin:80 - create IPUIPlugin
2025-04-02 08:49:03,000 [INFO] IPUIPlugin:80 - create IPUIPlugin
2025-04-02 08:49:03,000 [INFO] IPUIPlugin:80 - create IPUIPlugin
2025-04-02 08:49:03,000 [INFO] IPUIPlugin:80 - create IPUIPlugin
2025-04-02 08:49:03,000 [INFO] IPUIPlugin:80 - create IPUIPlugin
2025-04-02 08:49:03,000 [INFO] IPUIPlugin:80 - create IPUIPlugin
2025-04-02 08:49:03,000 [INFO] IPUIPlugin:80 - create IPUIPlugin
2025-04-02 08:49:03,001 [INFO] IPUIPlugin:80 - create IPUIPlugin
2025-04-02 08:49:03,001 [INFO] IPUIPlugin:80 - create IPUIPlugin
2025-04-02 08:49:03,001 [INFO] IPUIPlugin:80 - create IPUIPlugin
2025-04-02 08:49:03,001 [INFO] IPUIPlugin:80 - create IPUIPlugin
2025-04-02 08:49:03,001 [INFO] IPUIPlugin:80 - create IPUIPlugin
2025-04-02 08:49:03,001 [INFO] IPUIPlugin:80 - create IPUIPlugin
2025-04-02 08:49:03,002 [INFO] IPUIPlugin:80 - create IPUIPlugin
2025-04-02 08:49:03,002 [INFO] IPUIPlugin:80 - create IPUIPlugin
2025-04-02 08:49:03,002 [INFO] IPUIPlugin:80 - create IPUIPlugin
2025-04-02 08:49:03,002 [INFO] IPUIPlugin:80 - create IPUIPlugin
2025-04-02 08:49:03,002 [INFO] IPUIPlugin:80 - create IPUIPlugin
2025-04-02 08:49:03,002 [INFO] IPUIPlugin:80 - create IPUIPlugin
2025-04-02 08:49:03,003 [INFO] IPUIPlugin:80 - create IPUIPlugin
2025-04-02 08:49:03,003 [INFO] IPUIPlugin:80 - create IPUIPlugin
2025-04-02 08:49:03,003 [INFO] IPUIPlugin:80 - create IPUIPlugin
2025-04-02 08:49:03,003 [INFO] IPUIPlugin:80 - create IPUIPlugin
2025-04-02 08:49:03,003 [INFO] IPUIPlugin:80 - create IPUIPlugin
2025-04-02 08:49:03,004 [INFO] IPUIPlugin:80 - create IPUIPlugin
2025-04-02 08:49:03,004 [INFO] IPUIPlugin:80 - create IPUIPlugin
2025-04-02 08:49:03,004 [INFO] IPUIPlugin:80 - create IPUIPlugin
2025-04-02 08:49:03,005 [INFO] IPUIPlugin:80 - create IPUIPlugin
2025-04-02 08:49:03,005 [INFO] IPUIPlugin:80 - create IPUIPlugin
2025-04-02 08:49:03,006 [INFO] IPUIPlugin:80 - create IPUIPlugin
2025-04-02 08:49:03,090 [INFO] ApiDbMcu:508 - Load IP Config File for PDM2PCM
2025-04-02 08:49:03,235 [INFO] CADModel:165 - CPN selected for project levelSTM32F407VET6
2025-04-02 08:49:03,235 [INFO] CADModel:114 - Register for checkConnection events
2025-04-02 08:49:03,282 [INFO] OpenFileManager:363 - Restore cursor
2025-04-02 08:54:26,230 [INFO] Gpio:277 - dependency for GPIO []
2025-04-02 08:54:48,476 [INFO] UtilMem:75 - End SaveConfig() Used Memory: 682218120 Bytes (1073741824)
2025-04-02 08:54:48,995 [INFO] UtilMem:75 - End SaveConfig() Used Memory: 718918280 Bytes (1073741824)
2025-04-02 08:54:49,685 [INFO] UtilMem:75 - End SaveConfig() Used Memory: 671952552 Bytes (1073741824)
2025-04-02 08:54:50,034 [INFO] BlockDiagram:2766 - set Specific Code input for plugin: RCC
2025-04-02 08:54:50,034 [INFO] BlockDiagram:2766 - set Specific Code input for plugin: NVIC
2025-04-02 08:54:50,034 [INFO] BlockDiagram:2766 - set Specific Code input for plugin: GPIO
2025-04-02 08:54:50,036 [INFO] CodeGenerator:807 - code generatio: config db path: C:\ST\STM32CubeIDE_1.16.1\STM32CubeIDE\plugins\com.st.stm32cube.common.mx_6.12.1.202409122256\\db\
2025-04-02 08:54:50,268 [INFO] CodeEngine:255 - oldGeneratedFile, C:\Github\LED-on-off\behavior_tree2\MXTmpFiles\license.tmp_save
2025-04-02 08:54:50,535 [INFO] CodeEngine:279 - Generated code: C:\Github\LED-on-off\behavior_tree2\MXTmpFiles\license.tmp
2025-04-02 08:54:50,596 [INFO] CodeEngine:255 - oldGeneratedFile, C:\Github\LED-on-off\behavior_tree2\MXTmpFiles\gpio.tmp_save
2025-04-02 08:54:50,731 [INFO] CodeEngine:279 - Generated code: C:\Github\LED-on-off\behavior_tree2\MXTmpFiles\gpio.tmp
2025-04-02 08:54:50,758 [INFO] CodeEngine:255 - oldGeneratedFile, C:\Github\LED-on-off\behavior_tree2\Core\Src\stm32f4xx_it.c_save
2025-04-02 08:54:50,864 [INFO] CodeEngine:279 - Generated code: C:\Github\LED-on-off\behavior_tree2\Core\Src\stm32f4xx_it.c
2025-04-02 08:54:50,884 [INFO] CodeEngine:255 - oldGeneratedFile, C:\Github\LED-on-off\behavior_tree2\Core\Inc\stm32f4xx_it.h_save
2025-04-02 08:54:50,944 [INFO] CodeEngine:279 - Generated code: C:\Github\LED-on-off\behavior_tree2\Core\Inc\stm32f4xx_it.h
2025-04-02 08:54:50,993 [INFO] CodeEngine:255 - oldGeneratedFile, C:\Github\LED-on-off\behavior_tree2\Core\Src\stm32f4xx_hal_msp.c_save
2025-04-02 08:54:51,096 [INFO] CodeEngine:279 - Generated code: C:\Github\LED-on-off\behavior_tree2\Core\Src\stm32f4xx_hal_msp.c
2025-04-02 08:54:51,107 [INFO] CodeEngine:255 - oldGeneratedFile, C:\Github\LED-on-off\behavior_tree2\MXTmpFiles\system.tmp_save
2025-04-02 08:54:51,162 [INFO] CodeEngine:279 - Generated code: C:\Github\LED-on-off\behavior_tree2\MXTmpFiles\system.tmp
2025-04-02 08:54:51,185 [INFO] CodeEngine:311 - oldGeneratedFile, C:\Github\LED-on-off\behavior_tree2\Core\Inc\stm32f4xx_hal_conf.h_save
2025-04-02 08:54:51,259 [INFO] CodeEngine:335 - Generated code: C:\Github\LED-on-off\behavior_tree2\Core\Inc\stm32f4xx_hal_conf.h
2025-04-02 08:54:51,320 [INFO] CodeEngine:255 - oldGeneratedFile, C:\Github\LED-on-off\behavior_tree2\Core\Inc\main.h_save
2025-04-02 08:54:51,404 [INFO] CodeEngine:279 - Generated code: C:\Github\LED-on-off\behavior_tree2\Core\Inc\main.h
2025-04-02 08:54:51,422 [INFO] CodeEngine:255 - oldGeneratedFile, C:\Github\LED-on-off\behavior_tree2\Core\Src\main.c_save
2025-04-02 08:54:51,539 [INFO] CodeEngine:279 - Generated code: C:\Github\LED-on-off\behavior_tree2\Core\Src\main.c
2025-04-02 08:54:51,848 [INFO] ProjectBuilder:3249 - Time for Copy HAL[1] : 146mS.
2025-04-02 08:54:51,852 [INFO] ProjectBuilder:4828 - Project Generator version: 4.5.0-B34
2025-04-02 08:54:51,916 [INFO] ConfigFileManager:1531 - The Die is : DIE413
2025-04-02 08:54:51,931 [INFO] ApiDbMcu:508 - Load IP Config File for FATFS
2025-04-02 08:54:51,944 [INFO] ApiDbMcu:508 - Load IP Config File for FREERTOS
2025-04-02 08:54:51,953 [INFO] ApiDbMcu:508 - Load IP Config File for LIBJPEG
2025-04-02 08:54:51,965 [INFO] ApiDbMcu:508 - Load IP Config File for LWIP
2025-04-02 08:54:51,979 [INFO] ApiDbMcu:508 - Load IP Config File for MBEDTLS
2025-04-02 08:54:51,992 [INFO] ApiDbMcu:508 - Load IP Config File for USB_DEVICE
2025-04-02 08:54:52,003 [INFO] ApiDbMcu:508 - Load IP Config File for USB_HOST
2025-04-02 08:54:52,567 [INFO] LogOutputStream:77 - [STDOUT_REDIRECT] 
2025-04-02 08:54:53,576 [INFO] ProjectBuilder:5097 - Time for Generating toolchain IDE Files: 1724mS.
2025-04-02 08:54:53,576 [INFO] ProjectBuilder:3107 - Time for Copy CMSIS : 0mS.
2025-04-02 08:54:53,578 [INFO] ProjectBuilder:3107 - Time for Copy CMSIS : 0mS.
2025-04-02 12:29:37,863 [INFO] WebApp:189 - Connection lost
2025-04-02 12:29:38,182 [INFO] WebApp:186 - Connection restablished
2025-04-02 12:29:59,740 [INFO] WebApp:189 - Connection lost
2025-04-02 12:29:59,903 [INFO] WebApp:186 - Connection restablished
2025-04-02 13:05:15,884 [INFO] WebApp:189 - Connection lost
2025-04-02 13:05:16,136 [INFO] WebApp:186 - Connection restablished
2025-04-02 13:05:41,324 [INFO] WebApp:189 - Connection lost
2025-04-02 13:05:41,511 [INFO] WebApp:186 - Connection restablished
2025-04-02 13:05:44,385 [INFO] WebApp:189 - Connection lost
2025-04-02 13:05:44,571 [INFO] WebApp:186 - Connection restablished
2025-04-02 13:45:22,934 [INFO] WebApp:189 - Connection lost
2025-04-02 13:45:23,256 [INFO] WebApp:186 - Connection restablished
2025-04-02 16:04:41,569 [ERROR] LogOutputStream:75 - [STDERR_REDIRECT] 
