2025-04-03 12:17:15,301 [INFO] Activator:176 - 


2025-04-03 12:17:15,305 [INFO] Activator:177 - !SESSION log4j initialized
2025-04-03 12:17:19,148 [INFO] LogOutputStream:77 - [STDOUT_REDIRECT] 
2025-04-03 12:17:20,975 [INFO] ApplicationProperties:184 - Using Application install path: C:\ST\STM32CubeIDE_1.16.1\STM32CubeIDE\plugins\com.st.stm32cube.common.mx_6.12.1.202409122256
2025-04-03 12:17:20,987 [INFO] DbMcusXml:78 - Set database path to: C:\ST\STM32CubeIDE_1.16.1\STM32CubeIDE\plugins\com.st.stm32cube.common.mx_6.12.1.202409122256\\db\/mcu/
2025-04-03 12:17:20,987 [INFO] ApiDb:274 - Set plugin database path to: C:\ST\STM32CubeIDE_1.16.1\STM32CubeIDE\plugins\com.st.stm32cube.common.mx_6.12.1.202409122256\\db\/plugins/boardmanager/
2025-04-03 12:17:20,987 [WARN] ApiDb:259 - Overriding images path with different value:  => C:\ST\STM32CubeIDE_1.16.1\STM32CubeIDE\plugins\com.st.stm32cube.common.mx_6.12.1.202409122256\\db\/plugins/mcufinder/images/
2025-04-03 12:17:20,990 [INFO] ApiDb:250 - Set database path to: C:\Users\LeeJooHo\.stmcufinder\plugins\mcufinder//mcu/
2025-04-03 12:17:20,991 [INFO] DbMcusAds:125 - Set database path to: C:\Users\LeeJooHo\.stmcufinder\plugins\mcufinder//mcu/
2025-04-03 12:17:20,993 [INFO] CrossReferenceDbSqlite:203 - Set database path to: C:\Users\LeeJooHo\.stmcufinder\plugins\mcufinder//mcu/cs/
2025-04-03 12:17:21,057 [INFO] RulesReader:64 - Compatibility file has been processed (297 Rules)
2025-04-03 12:17:21,107 [INFO] DbMcusXml:78 - Set database path to: C:\ST\STM32CubeIDE_1.16.1\STM32CubeIDE\plugins\com.st.stm32cube.common.mx_6.12.1.202409122256\\db\/mcu/
2025-04-03 12:17:21,107 [INFO] ApiDb:274 - Set plugin database path to: C:\ST\STM32CubeIDE_1.16.1\STM32CubeIDE\plugins\com.st.stm32cube.common.mx_6.12.1.202409122256\\db\/plugins/boardmanager/
2025-04-03 12:17:21,107 [INFO] ApiDb:261 - Set plugin images path to: C:\ST\STM32CubeIDE_1.16.1\STM32CubeIDE\plugins\com.st.stm32cube.common.mx_6.12.1.202409122256\\db\/plugins/mcufinder/images/
2025-04-03 12:17:21,108 [WARN] DbFile:41 - Overriding database path with different value: C:\Users\LeeJooHo\.stmcufinder\plugins\mcufinder/ => C:\Users\LeeJooHo\.stmcufinder\plugins\mcufinder
2025-04-03 12:17:21,108 [INFO] ApiDb:250 - Set database path to: C:\Users\LeeJooHo\.stmcufinder\plugins\mcufinder//mcu/
2025-04-03 12:17:21,108 [WARN] DbFile:41 - Overriding database path with different value: C:\Users\LeeJooHo\.stmcufinder\plugins\mcufinder/ => C:\Users\LeeJooHo\.stmcufinder\plugins\mcufinder
2025-04-03 12:17:21,108 [INFO] DbMcusAds:125 - Set database path to: C:\Users\LeeJooHo\.stmcufinder\plugins\mcufinder//mcu/
2025-04-03 12:17:21,108 [WARN] DbFile:41 - Overriding database path with different value: C:\Users\LeeJooHo\.stmcufinder\plugins\mcufinder/ => C:\Users\LeeJooHo\.stmcufinder\plugins\mcufinder
2025-04-03 12:17:21,108 [WARN] DbFile:41 - Overriding database path with different value: C:\Users\LeeJooHo\.stmcufinder\plugins\mcufinder/ => C:\Users\LeeJooHo\.stmcufinder\plugins\mcufinder
2025-04-03 12:17:21,108 [INFO] CrossReferenceDbSqlite:203 - Set database path to: C:\Users\LeeJooHo\.stmcufinder\plugins\mcufinder//mcu/cs/
2025-04-03 12:17:21,158 [INFO] MainPanel:268 - HeapMemory: 268435456
2025-04-03 12:17:21,211 [INFO] DbMcusXml:78 - Set database path to: C:\ST\STM32CubeIDE_1.16.1\STM32CubeIDE\plugins\com.st.stm32cube.common.mx_6.12.1.202409122256\\db\/mcu/
2025-04-03 12:17:21,211 [INFO] ApiDb:274 - Set plugin database path to: C:\ST\STM32CubeIDE_1.16.1\STM32CubeIDE\plugins\com.st.stm32cube.common.mx_6.12.1.202409122256\\db\/plugins/boardmanager/
2025-04-03 12:17:21,211 [INFO] ApiDb:261 - Set plugin images path to: C:\ST\STM32CubeIDE_1.16.1\STM32CubeIDE\plugins\com.st.stm32cube.common.mx_6.12.1.202409122256\\db\/plugins/mcufinder/images/
2025-04-03 12:17:21,211 [WARN] DbFile:41 - Overriding database path with different value: C:\Users\LeeJooHo\.stmcufinder\plugins\mcufinder/ => C:\Users\LeeJooHo\.stmcufinder\plugins\mcufinder
2025-04-03 12:17:21,212 [INFO] ApiDb:250 - Set database path to: C:\Users\LeeJooHo\.stmcufinder\plugins\mcufinder//mcu/
2025-04-03 12:17:21,212 [WARN] DbFile:41 - Overriding database path with different value: C:\Users\LeeJooHo\.stmcufinder\plugins\mcufinder/ => C:\Users\LeeJooHo\.stmcufinder\plugins\mcufinder
2025-04-03 12:17:21,212 [INFO] DbMcusAds:125 - Set database path to: C:\Users\LeeJooHo\.stmcufinder\plugins\mcufinder//mcu/
2025-04-03 12:17:21,212 [WARN] DbFile:41 - Overriding database path with different value: C:\Users\LeeJooHo\.stmcufinder\plugins\mcufinder/ => C:\Users\LeeJooHo\.stmcufinder\plugins\mcufinder
2025-04-03 12:17:21,212 [WARN] DbFile:41 - Overriding database path with different value: C:\Users\LeeJooHo\.stmcufinder\plugins\mcufinder/ => C:\Users\LeeJooHo\.stmcufinder\plugins\mcufinder
2025-04-03 12:17:21,212 [INFO] CrossReferenceDbSqlite:203 - Set database path to: C:\Users\LeeJooHo\.stmcufinder\plugins\mcufinder//mcu/cs/
2025-04-03 12:17:21,223 [INFO] ApplicationProperties:184 - Using Application install path: C:\ST\STM32CubeIDE_1.16.1\STM32CubeIDE\plugins\com.st.stm32cube.common.mx_6.12.1.202409122256
2025-04-03 12:17:21,224 [INFO] PluginManage:196 - Search for loadable plugins [exclusion list=, ]
2025-04-03 12:17:21,224 [INFO] PluginManage:310 - Check plugin analytics
2025-04-03 12:17:21,339 [INFO] AnalyticsPlugin:253 - Accepted Software Licenses: 
2025-04-03 12:17:21,339 [INFO] AnalyticsPlugin:255 - Accepted CMSIS Pack Licenses: STMicroelectronics.X-CUBE-TOUCHGFX.4.25.0
2025-04-03 12:17:21,339 [INFO] AnalyticsPlugin:257 - Accepted Firmware Licenses: FW.F4.1.28.0
2025-04-03 12:17:21,342 [INFO] PluginManage:359 - Loaded plugin analytics (category:tool,tabindex:-1)
2025-04-03 12:17:21,342 [INFO] PluginManage:310 - Check plugin cadmodel
2025-04-03 12:17:21,344 [INFO] CADModel:105 - Init CAD model plugin
2025-04-03 12:17:21,344 [INFO] PluginManage:359 - Loaded plugin cadmodel (category:power,tabindex:5)
2025-04-03 12:17:21,344 [INFO] PluginManage:310 - Check plugin clock
2025-04-03 12:17:21,351 [INFO] PluginManage:359 - Loaded plugin clock (category:base,tabindex:2)
2025-04-03 12:17:21,351 [INFO] PluginManage:310 - Check plugin ddr
2025-04-03 12:17:21,353 [INFO] PluginManage:359 - Loaded plugin ddr (category:tool,tabindex:6)
2025-04-03 12:17:21,353 [INFO] PluginManage:310 - Check plugin filemanager
2025-04-03 12:17:21,447 [INFO] PluginManage:359 - Loaded plugin filemanager (category:base,tabindex:10)
2025-04-03 12:17:21,448 [INFO] PluginManage:310 - Check plugin ipmanager
2025-04-03 12:17:21,452 [INFO] PluginManage:359 - Loaded plugin ipmanager (category:base,tabindex:5)
2025-04-03 12:17:21,453 [INFO] PluginManage:310 - Check plugin lpbam
2025-04-03 12:17:21,458 [INFO] PluginManage:359 - Loaded plugin lpbam (category:base,tabindex:0)
2025-04-03 12:17:21,458 [INFO] PluginManage:310 - Check plugin memorymap
2025-04-03 12:17:21,467 [INFO] PluginManage:359 - Loaded plugin memorymap (category:base,tabindex:4)
2025-04-03 12:17:21,467 [INFO] PluginManage:310 - Check plugin pinoutandconfiguration
2025-04-03 12:17:21,472 [INFO] PluginManage:359 - Loaded plugin pinoutandconfiguration (category:base,tabindex:1)
2025-04-03 12:17:21,472 [INFO] PluginManage:310 - Check plugin pinoutconfig
2025-04-03 12:17:21,539 [WARN] SupportedApi:132 - Cannot load RTOS API schema: s4s-elt-must-match.1: The content of 'definitions' must match (annotation?, (simpleType | complexType)?, (unique | key | keyref)*)). A problem was found starting at: attribute.
2025-04-03 12:17:21,627 [INFO] PluginManage:359 - Loaded plugin pinoutconfig (category:base,tabindex:0)
2025-04-03 12:17:21,627 [INFO] PluginManage:310 - Check plugin power
2025-04-03 12:17:21,632 [INFO] PluginManage:359 - Loaded plugin power (category:power,tabindex:4)
2025-04-03 12:17:21,632 [INFO] PluginManage:310 - Check plugin projectmanager
2025-04-03 12:17:21,642 [INFO] PluginManage:359 - Loaded plugin projectmanager (category:projectmanager,tabindex:4)
2025-04-03 12:17:21,642 [INFO] PluginManage:310 - Check plugin rif
2025-04-03 12:17:21,646 [INFO] PluginManage:359 - Loaded plugin rif (category:base,tabindex:3)
2025-04-03 12:17:21,646 [INFO] PluginManage:310 - Check plugin thirdparty
2025-04-03 12:17:21,730 [INFO] PluginManage:359 - Loaded plugin thirdparty (category:base,tabindex:-1)
2025-04-03 12:17:21,730 [WARN] IntegrityCheckThread:84 - waiting for thirdparty lock release [integrity check]
2025-04-03 12:17:21,730 [INFO] PluginManage:310 - Check plugin tools
2025-04-03 12:17:21,730 [INFO] IntegrityCheckThread:86 - entering critical section [integrity check]
2025-04-03 12:17:21,731 [INFO] ThirdPartyUpdaterWithRetryManager:70 - Updater plugin not ready yet. [1/15]
2025-04-03 12:17:21,733 [INFO] PluginManage:359 - Loaded plugin tools (category:base,tabindex:7)
2025-04-03 12:17:21,733 [INFO] PluginManage:310 - Check plugin tutovideos
2025-04-03 12:17:21,855 [INFO] PluginManage:359 - Loaded plugin tutovideos (category:base,tabindex:-1)
2025-04-03 12:17:21,855 [INFO] PluginManage:310 - Check plugin updater
2025-04-03 12:17:21,866 [INFO] PluginManage:359 - Loaded plugin updater (category:base,tabindex:12)
2025-04-03 12:17:21,866 [INFO] PluginManage:310 - Check plugin userauth
2025-04-03 12:17:21,869 [INFO] UserAuth:113 - Init User Auth plugin
2025-04-03 12:17:21,869 [INFO] PluginManage:359 - Loaded plugin userauth (category:base,tabindex:14)
2025-04-03 12:17:21,869 [INFO] PluginManage:283 - PluginManage : Loaded plugins [18]
2025-04-03 12:17:21,998 [INFO] PinOutPanel:1561 - setPackage(No Configuration,No Configuration)
2025-04-03 12:17:22,056 [INFO] CADModel:165 - CPN selected for project level
2025-04-03 12:17:22,056 [INFO] CADModel:114 - Register for checkConnection events
2025-04-03 12:17:22,065 [INFO] IPUIPlugin:80 - create IPUIPlugin
2025-04-03 12:17:22,066 [INFO] PluginManager:220 - loadIPPluginJar : add adc
2025-04-03 12:17:22,067 [INFO] IPUIPlugin:80 - create IPUIPlugin
2025-04-03 12:17:22,067 [INFO] PluginManager:220 - loadIPPluginJar : add aes
2025-04-03 12:17:22,068 [INFO] IPUIPlugin:80 - create IPUIPlugin
2025-04-03 12:17:22,069 [INFO] PluginManager:220 - loadIPPluginJar : add can
2025-04-03 12:17:22,069 [INFO] IPUIPlugin:80 - create IPUIPlugin
2025-04-03 12:17:22,069 [INFO] PluginManager:220 - loadIPPluginJar : add comp
2025-04-03 12:17:22,071 [INFO] IPUIPlugin:80 - create IPUIPlugin
2025-04-03 12:17:22,071 [INFO] PluginManager:220 - loadIPPluginJar : add cryp
2025-04-03 12:17:22,072 [INFO] IPUIPlugin:80 - create IPUIPlugin
2025-04-03 12:17:22,072 [INFO] PluginManager:220 - loadIPPluginJar : add ddr_ctrl_phy
2025-04-03 12:17:22,073 [INFO] IPUIPlugin:80 - create IPUIPlugin
2025-04-03 12:17:22,073 [INFO] PluginManager:220 - loadIPPluginJar : add dfsdm
2025-04-03 12:17:22,077 [INFO] IPUIPlugin:80 - create IPUIPlugin
2025-04-03 12:17:22,077 [INFO] PluginManager:220 - loadIPPluginJar : add dma
2025-04-03 12:17:22,078 [INFO] IPUIPlugin:80 - create IPUIPlugin
2025-04-03 12:17:22,078 [INFO] PluginManager:220 - loadIPPluginJar : add dma3
2025-04-03 12:17:22,081 [INFO] IPUIPlugin:80 - create IPUIPlugin
2025-04-03 12:17:22,081 [INFO] PluginManager:220 - loadIPPluginJar : add extmemmanager
2025-04-03 12:17:22,082 [INFO] IPUIPlugin:80 - create IPUIPlugin
2025-04-03 12:17:22,082 [INFO] PluginManager:220 - loadIPPluginJar : add fatfs
2025-04-03 12:17:22,084 [INFO] IPUIPlugin:80 - create IPUIPlugin
2025-04-03 12:17:22,084 [INFO] PluginManager:220 - loadIPPluginJar : add fmc
2025-04-03 12:17:22,087 [INFO] IPUIPlugin:80 - create IPUIPlugin
2025-04-03 12:17:22,087 [INFO] PluginManager:220 - loadIPPluginJar : add freertos
2025-04-03 12:17:22,088 [INFO] IPUIPlugin:80 - create IPUIPlugin
2025-04-03 12:17:22,088 [INFO] PluginManager:220 - loadIPPluginJar : add genericplugin
2025-04-03 12:17:22,089 [INFO] IPUIPlugin:80 - create IPUIPlugin
2025-04-03 12:17:22,089 [INFO] PluginManager:220 - loadIPPluginJar : add gfxmmu
2025-04-03 12:17:22,092 [INFO] IPUIPlugin:80 - create IPUIPlugin
2025-04-03 12:17:22,092 [INFO] PluginManager:220 - loadIPPluginJar : add gic
2025-04-03 12:17:22,094 [INFO] IPUIPlugin:80 - create IPUIPlugin
2025-04-03 12:17:22,095 [INFO] PluginManager:220 - loadIPPluginJar : add gpio
2025-04-03 12:17:22,096 [INFO] IPUIPlugin:80 - create IPUIPlugin
2025-04-03 12:17:22,096 [INFO] PluginManager:220 - loadIPPluginJar : add gtzc
2025-04-03 12:17:22,097 [INFO] IPUIPlugin:80 - create IPUIPlugin
2025-04-03 12:17:22,097 [INFO] PluginManager:220 - loadIPPluginJar : add hash
2025-04-03 12:17:22,098 [INFO] IPUIPlugin:80 - create IPUIPlugin
2025-04-03 12:17:22,098 [INFO] PluginManager:220 - loadIPPluginJar : add i2c
2025-04-03 12:17:22,100 [INFO] IPUIPlugin:80 - create IPUIPlugin
2025-04-03 12:17:22,100 [INFO] PluginManager:220 - loadIPPluginJar : add i2s
2025-04-03 12:17:22,102 [INFO] IPUIPlugin:80 - create IPUIPlugin
2025-04-03 12:17:22,102 [INFO] PluginManager:220 - loadIPPluginJar : add i3c
2025-04-03 12:17:22,103 [INFO] IPUIPlugin:80 - create IPUIPlugin
2025-04-03 12:17:22,104 [INFO] PluginManager:220 - loadIPPluginJar : add ipddr
2025-04-03 12:17:22,108 [INFO] IPUIPlugin:80 - create IPUIPlugin
2025-04-03 12:17:22,108 [INFO] PluginManager:220 - loadIPPluginJar : add linkedlist
2025-04-03 12:17:22,109 [INFO] IPUIPlugin:80 - create IPUIPlugin
2025-04-03 12:17:22,109 [INFO] PluginManager:220 - loadIPPluginJar : add lorawan
2025-04-03 12:17:22,110 [INFO] IPUIPlugin:80 - create IPUIPlugin
2025-04-03 12:17:22,110 [INFO] PluginManager:220 - loadIPPluginJar : add ltdc
2025-04-03 12:17:22,113 [INFO] IPUIPlugin:80 - create IPUIPlugin
2025-04-03 12:17:22,113 [INFO] PluginManager:220 - loadIPPluginJar : add mdma
2025-04-03 12:17:22,116 [INFO] IPUIPlugin:80 - create IPUIPlugin
2025-04-03 12:17:22,116 [INFO] PluginManager:220 - loadIPPluginJar : add nvic
2025-04-03 12:17:22,118 [INFO] IPUIPlugin:80 - create IPUIPlugin
2025-04-03 12:17:22,118 [INFO] PluginManager:220 - loadIPPluginJar : add opamp
2025-04-03 12:17:22,119 [INFO] IPUIPlugin:80 - create IPUIPlugin
2025-04-03 12:17:22,119 [INFO] PluginManager:220 - loadIPPluginJar : add openamp
2025-04-03 12:17:22,121 [INFO] IPUIPlugin:80 - create IPUIPlugin
2025-04-03 12:17:22,121 [INFO] PluginManager:220 - loadIPPluginJar : add pdm2pcm
2025-04-03 12:17:22,125 [INFO] IPUIPlugin:80 - create IPUIPlugin
2025-04-03 12:17:22,127 [INFO] PluginManager:220 - loadIPPluginJar : add plateformsettings
2025-04-03 12:17:22,128 [INFO] IPUIPlugin:80 - create IPUIPlugin
2025-04-03 12:17:22,128 [INFO] PluginManager:220 - loadIPPluginJar : add quadspi
2025-04-03 12:17:22,129 [INFO] IPUIPlugin:80 - create IPUIPlugin
2025-04-03 12:17:22,129 [INFO] PluginManager:220 - loadIPPluginJar : add radio
2025-04-03 12:17:22,130 [INFO] IPUIPlugin:80 - create IPUIPlugin
2025-04-03 12:17:22,130 [INFO] PluginManager:220 - loadIPPluginJar : add resmgrutility
2025-04-03 12:17:22,132 [INFO] IPUIPlugin:80 - create IPUIPlugin
2025-04-03 12:17:22,132 [INFO] PluginManager:220 - loadIPPluginJar : add sai
2025-04-03 12:17:22,133 [INFO] IPUIPlugin:80 - create IPUIPlugin
2025-04-03 12:17:22,133 [INFO] PluginManager:220 - loadIPPluginJar : add spi
2025-04-03 12:17:22,137 [INFO] IPUIPlugin:80 - create IPUIPlugin
2025-04-03 12:17:22,137 [INFO] PluginManager:220 - loadIPPluginJar : add stm32_wpan
2025-04-03 12:17:22,137 [INFO] IPUIPlugin:80 - create IPUIPlugin
2025-04-03 12:17:22,137 [INFO] PluginManager:220 - loadIPPluginJar : add tim
2025-04-03 12:17:22,139 [INFO] IPUIPlugin:80 - create IPUIPlugin
2025-04-03 12:17:22,139 [INFO] PluginManager:220 - loadIPPluginJar : add touchsensing
2025-04-03 12:17:22,140 [INFO] IPUIPlugin:80 - create IPUIPlugin
2025-04-03 12:17:22,140 [INFO] PluginManager:220 - loadIPPluginJar : add tracer_emb
2025-04-03 12:17:22,141 [INFO] IPUIPlugin:80 - create IPUIPlugin
2025-04-03 12:17:22,141 [INFO] PluginManager:220 - loadIPPluginJar : add ts
2025-04-03 12:17:22,142 [INFO] IPUIPlugin:80 - create IPUIPlugin
2025-04-03 12:17:22,142 [INFO] PluginManager:220 - loadIPPluginJar : add tsc
2025-04-03 12:17:22,143 [INFO] IPUIPlugin:80 - create IPUIPlugin
2025-04-03 12:17:22,143 [INFO] PluginManager:220 - loadIPPluginJar : add ucpd
2025-04-03 12:17:22,144 [INFO] IPUIPlugin:80 - create IPUIPlugin
2025-04-03 12:17:22,144 [INFO] PluginManager:220 - loadIPPluginJar : add usart
2025-04-03 12:17:22,146 [INFO] IPUIPlugin:80 - create IPUIPlugin
2025-04-03 12:17:22,146 [INFO] PluginManager:220 - loadIPPluginJar : add usbx
2025-04-03 12:17:22,253 [INFO] CADModel:165 - CPN selected for project level
2025-04-03 12:17:22,253 [INFO] CADModel:114 - Register for checkConnection events
2025-04-03 12:17:22,253 [FATAL] Updater:334 - Updater called before beeing initialized
2025-04-03 12:17:22,253 [ERROR] CADModel:125 - Updater not yet initialized, retry later 
2025-04-03 12:17:22,332 [INFO] CADModel:165 - CPN selected for project level
2025-04-03 12:17:22,332 [INFO] CADModel:114 - Register for checkConnection events
2025-04-03 12:17:22,332 [FATAL] Updater:334 - Updater called before beeing initialized
2025-04-03 12:17:22,332 [ERROR] CADModel:125 - Updater not yet initialized, retry later 
2025-04-03 12:17:22,334 [FATAL] Updater:334 - Updater called before beeing initialized
2025-04-03 12:17:22,409 [FATAL] Updater:334 - Updater called before beeing initialized
2025-04-03 12:17:22,411 [INFO] DbMcusAds:53 - JSON generation date=Thu Mar 06 23:54:21 KST 2025 (1741272861825)
2025-04-03 12:17:22,412 [FATAL] Updater:334 - Updater called before beeing initialized
2025-04-03 12:17:22,437 [WARN] DetailPanel:346 - Failed to get advertising image, set to default
2025-04-03 12:17:22,520 [FATAL] Updater:334 - Updater called before beeing initialized
2025-04-03 12:17:22,521 [FATAL] Updater:334 - Updater called before beeing initialized
2025-04-03 12:17:22,521 [FATAL] Updater:334 - Updater called before beeing initialized
2025-04-03 12:17:22,521 [WARN] DetailPanel:346 - Failed to get advertising image, set to default
2025-04-03 12:17:22,522 [FATAL] Updater:334 - Updater called before beeing initialized
2025-04-03 12:17:22,567 [ERROR] Updater:1164 - MainUpdater not yet initialized. External WinMGr cannot be set.
2025-04-03 12:17:22,569 [INFO] Updater:1100 - Updater Version found : 6.12.1
2025-04-03 12:17:22,581 [INFO] ApplicationProperties:184 - Using Application install path: C:\ST\STM32CubeIDE_1.16.1\STM32CubeIDE\plugins\com.st.stm32cube.common.mx_6.12.1.202409122256
2025-04-03 12:17:24,147 [ERROR] LogOutputStream:75 - [STDERR_REDIRECT] Apr 03, 2025 12:17:24 PM java.util.prefs.WindowsPreferences <init>
2025-04-03 12:17:24,149 [ERROR] LogOutputStream:75 - [STDERR_REDIRECT] WARNING: Could not open/create prefs root node Software\JavaSoft\Prefs at root 0xffffffff80000002. Windows RegCreateKeyEx(...) returned error code 5.
2025-04-03 12:17:24,149 [ERROR] LogOutputStream:75 - [STDERR_REDIRECT] 
2025-04-03 12:17:24,411 [INFO] MainUpdater:2873 - connection check result : 10
2025-04-03 12:17:24,411 [INFO] MainUpdater:290 - Updater Check For Update Now.
2025-04-03 12:17:24,411 [INFO] MicroXplorer:498 - Change Database Version : DB.6.0.121
2025-04-03 12:17:24,415 [INFO] McuFinderGlobals:63 - Set McuFinder mode to 2 (CubeIDE integrated)
2025-04-03 12:17:24,415 [INFO] UserAuth:417 - Internet connection configuration mode: 1
2025-04-03 12:17:24,429 [INFO] JxBrowserEngine:152 - Initiate JxBrowser Engine with user profile folder
2025-04-03 12:17:24,571 [INFO] CheckServerUpdateThread:120 - End of CheckServer Thread
2025-04-03 12:17:24,845 [INFO] WebApp:167 - Instantiating new browser for Auth
2025-04-03 12:17:24,950 [WARN] PackLoader:240 - Cannot read IP mode file for STMicroelectronics.FP-SNS-MOTENVWB1.1.4.0
2025-04-03 12:17:24,955 [WARN] PackLoader:240 - Cannot read IP mode file for STMicroelectronics.FP-ATR-ASTRA1.2.0.2
2025-04-03 12:17:24,958 [WARN] PackLoader:240 - Cannot read IP mode file for STMicroelectronics.FP-ATR-ASTRA1.2.0.1
2025-04-03 12:17:24,965 [WARN] PackLoader:240 - Cannot read IP mode file for STMicroelectronics.X-CUBE-SMBUS.2.1.0
2025-04-03 12:17:24,971 [WARN] PackLoader:240 - Cannot read IP mode file for STMicroelectronics.X-CUBE-WB05N.1.1.0
2025-04-03 12:17:24,991 [WARN] PackLoader:240 - Cannot read IP mode file for STMicroelectronics.X-CUBE-AZRTOS-F7.1.1.0
2025-04-03 12:17:25,045 [WARN] PackLoader:240 - Cannot read IP mode file for STMicroelectronics.X-CUBE-MEMS1.11.0.0
2025-04-03 12:17:25,150 [WARN] PackLoader:240 - Cannot read IP mode file for STMicroelectronics.FP-SNS-FLIGHT1.5.0.2
2025-04-03 12:17:25,166 [WARN] PackLoader:240 - Cannot read IP mode file for Infineon.AIROC-Wi-Fi-Bluetooth-STM32.1.7.0
2025-04-03 12:17:25,181 [WARN] PackLoader:240 - Cannot read IP mode file for STMicroelectronics.X-CUBE-DISPLAY.3.0.0
2025-04-03 12:17:25,189 [WARN] PackLoader:240 - Cannot read IP mode file for STMicroelectronics.X-CUBE-BLE1.7.0.0
2025-04-03 12:17:25,194 [WARN] PackLoader:240 - Cannot read IP mode file for STMicroelectronics.X-CUBE-NFC10.1.0.0
2025-04-03 12:17:25,202 [WARN] PackLoader:240 - Cannot read IP mode file for STMicroelectronics.X-CUBE-BLEMGR.4.0.0
2025-04-03 12:17:25,208 [WARN] PackLoader:240 - Cannot read IP mode file for emotas.I-CUBE-CANOPEN.1.3.0
2025-04-03 12:17:25,212 [WARN] ConditionMgr:438 - getConditionDescription Invalid condition id : Cortex-A Device cause : null
2025-04-03 12:17:25,243 [WARN] ConditionMgr:1039 - genDependencies : Invalid condition id : Cortex-A Device cause : null
2025-04-03 12:17:25,243 [WARN] ConditionMgr:1039 - genDependencies : Invalid condition id : Cortex-A Device cause : null
2025-04-03 12:17:25,243 [WARN] ConditionMgr:1039 - genDependencies : Invalid condition id : Cortex-A Device cause : null
2025-04-03 12:17:25,251 [WARN] PackLoader:240 - Cannot read IP mode file for STMicroelectronics.X-CUBE-BLEMGR.3.1.0
2025-04-03 12:17:25,258 [WARN] PackLoader:240 - Cannot read IP mode file for STMicroelectronics.X-CUBE-AI.10.0.0
2025-04-03 12:17:25,262 [WARN] PackLoader:240 - Cannot read IP mode file for STMicroelectronics.FP-SNS-SMARTAG2.1.2.0
2025-04-03 12:17:25,266 [ERROR] Engine:466 - C:\Users\LeeJooHo\.stm32cubemx\thirdparties\pdsc\STMicroelectronics.FP-SNS-FLIGHT1.5.1.0.pdsc: PDSC version is not supported
2025-04-03 12:17:25,315 [WARN] PackLoader:240 - Cannot read IP mode file for STMicroelectronics.X-CUBE-MEMS1.11.1.0
2025-04-03 12:17:25,437 [INFO] LogOutputStream:77 - [STDOUT_REDIRECT] 1 : Invalid condition id : UX_CORESTACK_Condition cause : null
2025-04-03 12:17:25,437 [INFO] LogOutputStream:77 - [STDOUT_REDIRECT] 1 : Invalid condition id : UX_CORESTACK_Condition cause : null
2025-04-03 12:17:25,438 [INFO] LogOutputStream:77 - [STDOUT_REDIRECT] 1 : Invalid condition id : UX_CORESTACK_Condition cause : null
2025-04-03 12:17:25,440 [INFO] LogOutputStream:77 - [STDOUT_REDIRECT] 1 : Invalid condition id : UX_CORESTACK_Condition cause : null
2025-04-03 12:17:25,441 [INFO] LogOutputStream:77 - [STDOUT_REDIRECT] 1 : Invalid condition id : UX_CORESTACK_Condition cause : null
2025-04-03 12:17:25,444 [WARN] PackLoader:240 - Cannot read IP mode file for STMicroelectronics.X-CUBE-AZRTOS-WL.2.0.0
2025-04-03 12:17:25,449 [WARN] PackLoader:240 - Cannot read IP mode file for STMicroelectronics.FP-SNS-MOTENV1.5.0.0
2025-04-03 12:17:25,454 [WARN] PackLoader:240 - Cannot read IP mode file for wolfSSL.I-CUBE-wolfMQTT.1.19.0
2025-04-03 12:17:25,461 [WARN] PackLoader:240 - Cannot read IP mode file for WES.I-CUBE-Cesium.1.3.0
2025-04-03 12:17:25,467 [WARN] PackLoader:240 - Cannot read IP mode file for STMicroelectronics.X-CUBE-BLE2.3.3.0
2025-04-03 12:17:25,476 [WARN] PackLoader:240 - Cannot read IP mode file for STMicroelectronics.X-CUBE-NFC9.1.0.0
2025-04-03 12:17:25,482 [WARN] PackLoader:240 - Cannot read IP mode file for STMicroelectronics.X-CUBE-BLE1.7.1.0
2025-04-03 12:17:25,486 [WARN] PackLoader:240 - Cannot read IP mode file for wolfSSL.I-CUBE-wolfMQTT.1.19.2
2025-04-03 12:17:25,494 [WARN] PackLoader:240 - Cannot read IP mode file for STMicroelectronics.X-CUBE-TCPP.4.1.0
2025-04-03 12:17:25,513 [WARN] PackLoader:240 - Cannot read IP mode file for STMicroelectronics.X-CUBE-AZRTOS-G0.1.1.0
2025-04-03 12:17:25,525 [WARN] PackLoader:240 - Cannot read IP mode file for STMicroelectronics.X-CUBE-SAFEA1.1.2.2
2025-04-03 12:17:25,531 [WARN] PackLoader:240 - Cannot read IP mode file for STMicroelectronics.X-CUBE-NFC4.3.0.0
2025-04-03 12:17:25,541 [WARN] PackLoader:240 - Cannot read IP mode file for EmbeddedOffice.I-CUBE-FS-RTOS.1.0.1
2025-04-03 12:17:25,541 [ERROR] ConditionMgr:805 - Attr not supported : Dmpu
2025-04-03 12:17:25,541 [ERROR] ConditionMgr:805 - Attr not supported : Dmpu
2025-04-03 12:17:25,541 [ERROR] ConditionMgr:805 - Attr not supported : Dmpu
2025-04-03 12:17:25,541 [ERROR] ConditionMgr:805 - Attr not supported : Dmpu
2025-04-03 12:17:25,541 [ERROR] ConditionMgr:805 - Attr not supported : Dmpu
2025-04-03 12:17:25,542 [ERROR] ConditionMgr:805 - Attr not supported : Dmpu
2025-04-03 12:17:25,542 [ERROR] ConditionMgr:805 - Attr not supported : Dmpu
2025-04-03 12:17:25,542 [ERROR] ConditionMgr:805 - Attr not supported : Dmpu
2025-04-03 12:17:25,542 [ERROR] ConditionMgr:805 - Attr not supported : Dmpu
2025-04-03 12:17:25,542 [ERROR] ConditionMgr:805 - Attr not supported : Dmpu
2025-04-03 12:17:25,542 [ERROR] ConditionMgr:805 - Attr not supported : Dmpu
2025-04-03 12:17:25,542 [ERROR] ConditionMgr:805 - Attr not supported : Dmpu
2025-04-03 12:17:25,542 [ERROR] ConditionMgr:805 - Attr not supported : Dmpu
2025-04-03 12:17:25,542 [ERROR] ConditionMgr:805 - Attr not supported : Dmpu
2025-04-03 12:17:25,542 [ERROR] ConditionMgr:805 - Attr not supported : Dmpu
2025-04-03 12:17:25,542 [ERROR] ConditionMgr:805 - Attr not supported : Dmpu
2025-04-03 12:17:25,542 [ERROR] ConditionMgr:805 - Attr not supported : Dmpu
2025-04-03 12:17:25,543 [ERROR] ConditionMgr:805 - Attr not supported : Dmpu
2025-04-03 12:17:25,543 [ERROR] ConditionMgr:805 - Attr not supported : Dmpu
2025-04-03 12:17:25,543 [ERROR] ConditionMgr:805 - Attr not supported : Dmpu
2025-04-03 12:17:25,543 [ERROR] ConditionMgr:805 - Attr not supported : Dmpu
2025-04-03 12:17:25,543 [ERROR] ConditionMgr:805 - Attr not supported : Dmpu
2025-04-03 12:17:25,543 [ERROR] ConditionMgr:805 - Attr not supported : Dmpu
2025-04-03 12:17:25,543 [ERROR] ConditionMgr:805 - Attr not supported : Dmpu
2025-04-03 12:17:25,543 [ERROR] ConditionMgr:805 - Attr not supported : Dmpu
2025-04-03 12:17:25,543 [ERROR] ConditionMgr:805 - Attr not supported : Dmpu
2025-04-03 12:17:25,543 [ERROR] ConditionMgr:805 - Attr not supported : Dmpu
2025-04-03 12:17:25,543 [ERROR] ConditionMgr:805 - Attr not supported : Dmpu
2025-04-03 12:17:25,543 [ERROR] ConditionMgr:805 - Attr not supported : Dmpu
2025-04-03 12:17:25,543 [ERROR] ConditionMgr:805 - Attr not supported : Dmpu
2025-04-03 12:17:25,543 [ERROR] ConditionMgr:805 - Attr not supported : Dmpu
2025-04-03 12:17:25,543 [ERROR] ConditionMgr:805 - Attr not supported : Dmpu
2025-04-03 12:17:25,544 [ERROR] ConditionMgr:805 - Attr not supported : Dmpu
2025-04-03 12:17:25,544 [ERROR] ConditionMgr:805 - Attr not supported : Dmpu
2025-04-03 12:17:25,544 [ERROR] ConditionMgr:805 - Attr not supported : Dmpu
2025-04-03 12:17:25,544 [ERROR] ConditionMgr:805 - Attr not supported : Dmpu
2025-04-03 12:17:25,544 [ERROR] ConditionMgr:805 - Attr not supported : Dmpu
2025-04-03 12:17:25,544 [ERROR] ConditionMgr:805 - Attr not supported : Dmpu
2025-04-03 12:17:25,544 [ERROR] ConditionMgr:805 - Attr not supported : Dmpu
2025-04-03 12:17:25,544 [ERROR] ConditionMgr:805 - Attr not supported : Dmpu
2025-04-03 12:17:25,544 [ERROR] ConditionMgr:805 - Attr not supported : Dmpu
2025-04-03 12:17:25,544 [ERROR] ConditionMgr:805 - Attr not supported : Dmpu
2025-04-03 12:17:25,544 [ERROR] ConditionMgr:805 - Attr not supported : Dmpu
2025-04-03 12:17:25,544 [ERROR] ConditionMgr:805 - Attr not supported : Dmpu
2025-04-03 12:17:25,544 [ERROR] ConditionMgr:805 - Attr not supported : Dmpu
2025-04-03 12:17:25,544 [ERROR] ConditionMgr:805 - Attr not supported : Dmpu
2025-04-03 12:17:25,544 [ERROR] ConditionMgr:805 - Attr not supported : Dmpu
2025-04-03 12:17:25,546 [ERROR] ConditionMgr:805 - Attr not supported : Dmpu
2025-04-03 12:17:25,546 [ERROR] ConditionMgr:805 - Attr not supported : Dmpu
2025-04-03 12:17:25,546 [ERROR] ConditionMgr:805 - Attr not supported : Dmpu
2025-04-03 12:17:25,546 [ERROR] ConditionMgr:805 - Attr not supported : Dmpu
2025-04-03 12:17:25,546 [ERROR] ConditionMgr:805 - Attr not supported : Dmpu
2025-04-03 12:17:25,546 [ERROR] ConditionMgr:805 - Attr not supported : Dmpu
2025-04-03 12:17:25,546 [ERROR] ConditionMgr:805 - Attr not supported : Dmpu
2025-04-03 12:17:25,546 [ERROR] ConditionMgr:805 - Attr not supported : Dmpu
2025-04-03 12:17:25,547 [ERROR] ConditionMgr:805 - Attr not supported : Dmpu
2025-04-03 12:17:25,547 [ERROR] ConditionMgr:805 - Attr not supported : Dmpu
2025-04-03 12:17:25,547 [ERROR] ConditionMgr:805 - Attr not supported : Dmpu
2025-04-03 12:17:25,547 [ERROR] ConditionMgr:805 - Attr not supported : Dmpu
2025-04-03 12:17:25,547 [ERROR] ConditionMgr:805 - Attr not supported : Dmpu
2025-04-03 12:17:25,547 [ERROR] ConditionMgr:805 - Attr not supported : Dmpu
2025-04-03 12:17:25,547 [ERROR] ConditionMgr:805 - Attr not supported : Dmpu
2025-04-03 12:17:25,547 [ERROR] ConditionMgr:805 - Attr not supported : Dmpu
2025-04-03 12:17:25,548 [ERROR] ConditionMgr:805 - Attr not supported : Dmpu
2025-04-03 12:17:25,552 [WARN] PackLoader:240 - Cannot read IP mode file for wolfSSL.I-CUBE-wolfTPM.3.8.0
2025-04-03 12:17:25,554 [ERROR] Engine:466 - C:\Users\LeeJooHo\.stm32cubemx\thirdparties\pdsc\STMicroelectronics.X-CUBE-TCPP.4.2.0.pdsc: PDSC version is not supported
2025-04-03 12:17:25,559 [WARN] PackLoader:240 - Cannot read IP mode file for RealThread.X-CUBE-RT-Thread_Nano.4.1.1
2025-04-03 12:17:25,564 [WARN] PackLoader:240 - Cannot read IP mode file for STMicroelectronics.FP-ATR-SIGFOX1.3.2.0
2025-04-03 12:17:25,567 [WARN] PackLoader:240 - Cannot read IP mode file for wolfSSL.I-CUBE-wolfSSL.5.7.2
2025-04-03 12:17:25,569 [WARN] ConditionMgr:438 - getConditionDescription Invalid condition id : Cortex-A Device cause : null
2025-04-03 12:17:25,577 [WARN] ConditionMgr:1039 - genDependencies : Invalid condition id : Cortex-A Device cause : null
2025-04-03 12:17:25,577 [WARN] ConditionMgr:1039 - genDependencies : Invalid condition id : Cortex-A Device cause : null
2025-04-03 12:17:25,577 [WARN] ConditionMgr:1039 - genDependencies : Invalid condition id : Cortex-A Device cause : null
2025-04-03 12:17:25,582 [WARN] PackLoader:240 - Cannot read IP mode file for STMicroelectronics.X-CUBE-EEPRMA1.5.1.0
2025-04-03 12:17:25,587 [WARN] PackLoader:240 - Cannot read IP mode file for wolfSSL.I-CUBE-wolfSSL.5.7.6
2025-04-03 12:17:25,593 [WARN] PackLoader:240 - Cannot read IP mode file for ITTIA_DB.I-CUBE-ITTIADB.8.9.0
2025-04-03 12:17:25,623 [WARN] PackLoader:240 - Cannot read IP mode file for SEGGER.I-CUBE-embOS.1.3.1
2025-04-03 12:17:25,628 [INFO] WebApp:448 - Apply proxy settings
2025-04-03 12:17:25,628 [INFO] WebApp:533 - Chromium requires no authentication
2025-04-03 12:17:25,636 [INFO] WebApp:476 - Direct internet connection detected
2025-04-03 12:17:25,659 [WARN] PackLoader:240 - Cannot read IP mode file for STMicroelectronics.X-CUBE-ALGOBUILD.1.4.0
2025-04-03 12:17:25,662 [WARN] PackLoader:240 - Cannot read IP mode file for STMicroelectronics.X-CUBE-AI.9.1.0
2025-04-03 12:17:25,663 [INFO] WebApp:869 - Register for checkConnection events
2025-04-03 12:17:25,663 [INFO] WebApp:448 - Apply proxy settings
2025-04-03 12:17:25,664 [INFO] WebApp:533 - Chromium requires no authentication
2025-04-03 12:17:25,664 [INFO] WebApp:476 - Direct internet connection detected
2025-04-03 12:17:25,676 [WARN] PackLoader:240 - Cannot read IP mode file for STMicroelectronics.X-CUBE-AZRTOS-F4.1.1.0
2025-04-03 12:17:25,682 [WARN] PackLoader:240 - Cannot read IP mode file for STMicroelectronics.X-CUBE-ISPU.2.1.0
2025-04-03 12:17:25,686 [WARN] PackLoader:240 - Cannot read IP mode file for STMicroelectronics.X-CUBE-FREERTOS.1.2.0
2025-04-03 12:17:25,699 [WARN] PackLoader:240 - Cannot read IP mode file for STMicroelectronics.X-CUBE-AZRTOS-L5.2.0.0
2025-04-03 12:17:25,708 [WARN] PackLoader:240 - Cannot read IP mode file for STMicroelectronics.X-CUBE-NFC6.3.1.0
2025-04-03 12:17:25,715 [WARN] PackLoader:240 - Cannot read IP mode file for STMicroelectronics.X-CUBE-DPower.1.2.0
2025-04-03 12:17:25,720 [WARN] PackLoader:240 - Cannot read IP mode file for STMicroelectronics.X-CUBE-FREERTOS.1.3.0
2025-04-03 12:17:25,724 [WARN] PackLoader:240 - Cannot read IP mode file for STMicroelectronics.X-CUBE-NFC7.1.0.1
2025-04-03 12:17:25,727 [WARN] PackLoader:240 - Cannot read IP mode file for STMicroelectronics.X-CUBE-DPower.1.3.0
2025-04-03 12:17:25,741 [WARN] ConditionMgr:438 - getConditionDescription Invalid condition id : LAN8742 Phy interface Condition cause : null
2025-04-03 12:17:25,742 [WARN] PackLoader:240 - Cannot read IP mode file for STMicroelectronics.X-CUBE-AZRTOS-L4.2.0.0
2025-04-03 12:17:25,743 [WARN] ConditionMgr:1039 - genDependencies : Invalid condition id : LAN8742 Phy interface Condition cause : null
2025-04-03 12:17:25,743 [WARN] ConditionMgr:1039 - genDependencies : Invalid condition id : LAN8742 Phy interface Condition cause : null
2025-04-03 12:17:25,743 [WARN] ConditionMgr:1039 - genDependencies : Invalid condition id : LAN8742 Phy interface Condition cause : null
2025-04-03 12:17:25,750 [WARN] PackLoader:240 - Cannot read IP mode file for STMicroelectronics.X-CUBE-SFXS2LP1.4.0.0
2025-04-03 12:17:25,767 [WARN] PackLoader:240 - Cannot read IP mode file for STMicroelectronics.X-CUBE-AZRTOS-H7.3.3.0
2025-04-03 12:17:25,776 [WARN] PackLoader:240 - Cannot read IP mode file for STMicroelectronics.X-CUBE-IPS.3.0.0
2025-04-03 12:17:25,786 [WARN] ConditionMgr:438 - getConditionDescription Invalid condition id : UX DEVICE CLASS RTOS Condition cause : null
2025-04-03 12:17:25,787 [WARN] ConditionMgr:438 - getConditionDescription Invalid condition id : UX DEVICE CLASS RTOS Condition cause : null
2025-04-03 12:17:25,788 [WARN] PackLoader:240 - Cannot read IP mode file for STMicroelectronics.X-CUBE-AZRTOS-WB.2.0.0
2025-04-03 12:17:25,788 [WARN] ConditionMgr:1039 - genDependencies : Invalid condition id : UX DEVICE CLASS RTOS Condition cause : null
2025-04-03 12:17:25,788 [WARN] ConditionMgr:1039 - genDependencies : Invalid condition id : UX DEVICE CLASS RTOS Condition cause : null
2025-04-03 12:17:25,789 [WARN] ConditionMgr:1039 - genDependencies : Invalid condition id : UX DEVICE CLASS RTOS Condition cause : null
2025-04-03 12:17:25,789 [WARN] ConditionMgr:1039 - genDependencies : Invalid condition id : UX DEVICE CLASS RTOS Condition cause : null
2025-04-03 12:17:25,789 [WARN] ConditionMgr:1039 - genDependencies : Invalid condition id : UX DEVICE CLASS RTOS Condition cause : null
2025-04-03 12:17:25,794 [WARN] PackLoader:240 - Cannot read IP mode file for STMicroelectronics.X-CUBE-GNSS1.7.0.0
2025-04-03 12:17:25,797 [WARN] PackLoader:240 - Cannot read IP mode file for STMicroelectronics.X-CUBE-GNSS1.7.0.1
2025-04-03 12:17:25,803 [WARN] PackLoader:240 - Cannot read IP mode file for STMicroelectronics.X-CUBE-TOUCHGFX.4.25.0
2025-04-03 12:17:25,875 [WARN] PackLoader:240 - Cannot read IP mode file for STMicroelectronics.FP-SNS-STBOX1.2.0.0
2025-04-03 12:17:25,883 [WARN] PackLoader:240 - Cannot read IP mode file for STMicroelectronics.X-CUBE-SUBG2.5.0.0
2025-04-03 12:17:25,899 [WARN] PackLoader:240 - Cannot read IP mode file for STMicroelectronics.X-CUBE-AZRTOS-H7RS.1.1.0
2025-04-03 12:17:25,904 [WARN] PackLoader:240 - Cannot read IP mode file for Cesanta.I-CUBE-Mongoose.7.13.0
2025-04-03 12:17:25,913 [WARN] PackLoader:240 - Cannot read IP mode file for STMicroelectronics.X-CUBE-AZRTOS-G4.2.0.0
2025-04-03 12:17:25,916 [WARN] PackLoader:240 - Cannot read IP mode file for wolfSSL.I-CUBE-wolfSSH.1.4.20
2025-04-03 12:17:25,920 [ERROR] Engine:466 - C:\Users\LeeJooHo\.stm32cubemx\thirdparties\pdsc\STMicroelectronics.X-CUBE-IPS.3.1.0.pdsc: PDSC version is not supported
2025-04-03 12:17:25,923 [WARN] PackLoader:240 - Cannot read IP mode file for STMicroelectronics.X-CUBE-ALS.1.0.2
2025-04-03 12:17:25,926 [WARN] PackLoader:240 - Cannot read IP mode file for STMicroelectronics.X-CUBE-TOUCHGFX.4.24.2
2025-04-03 12:17:25,928 [WARN] PackLoader:240 - Cannot read IP mode file for STMicroelectronics.X-CUBE-TOUCHGFX.4.24.1
2025-04-03 12:17:25,930 [WARN] PackLoader:240 - Cannot read IP mode file for wolfSSL.I-CUBE-wolfTPM.3.4.0
2025-04-03 12:17:25,935 [WARN] PackLoader:240 - Cannot read IP mode file for portGmbH.I-Cube-SoM-uGOAL.1.1.0
2025-04-03 12:17:25,944 [WARN] PackLoader:240 - Cannot read IP mode file for STMicroelectronics.X-CUBE-AZRTOS-H7RS.1.0.0
2025-04-03 12:17:25,948 [WARN] PackLoader:240 - Cannot read IP mode file for STMicroelectronics.FP-ATR-ASTRA1.2.0.0
2025-04-03 12:17:25,959 [WARN] PackLoader:240 - Cannot read IP mode file for STMicroelectronics.X-CUBE-TOF1.3.4.2
2025-04-03 12:17:25,982 [INFO] WebApp:186 - Connection restablished
2025-04-03 12:17:25,986 [WARN] PackLoader:240 - Cannot read IP mode file for Infineon.AIROC-Wi-Fi-Bluetooth-STM32.1.6.1
2025-04-03 12:17:25,991 [WARN] PackLoader:240 - Cannot read IP mode file for wolfSSL.I-CUBE-wolfSSH.1.4.17
2025-04-03 12:17:25,991 [INFO] ThirdParty:978 - Integrity check success = true
2025-04-03 12:17:25,991 [INFO] IntegrityCheckThread:100 - exiting critical section [integrity check]
2025-04-03 12:17:25,991 [INFO] IntegrityCheckThread:103 - End integrity checks thread
2025-04-03 12:17:25,995 [INFO] WebApp:220 - Starting web application
2025-04-03 12:17:25,995 [INFO] WebApp:578 - Web application path used C:\ST\STM32CubeIDE_1.16.1\STM32CubeIDE\plugins\com.st.stm32cube.common.mx_6.12.1.202409122256\db\plugins\mcufinder\reactClient1\index.html
2025-04-03 12:17:26,078 [INFO] UserAuth:417 - Internet connection configuration mode: 1
2025-04-03 17:27:54,304 [ERROR] LogOutputStream:75 - [STDERR_REDIRECT] 
